2024-07-15 23:53:08.702 [info] Log level: Info
2024-07-15 23:53:08.702 [info] Validating found git in: "git"
2024-07-15 23:53:08.702 [info] Using git "2.45.2" from "git"
2024-07-15 23:53:08.702 [info] > git rev-parse --show-toplevel [3ms]
2024-07-15 23:53:08.702 [info] > git rev-parse --git-dir --git-common-dir [2ms]
2024-07-15 23:53:08.702 [info] Open repository: /home/navi/.dotfiles
2024-07-15 23:53:08.714 [info] > git rev-parse --show-toplevel [4ms]
2024-07-15 23:53:08.715 [info] > git config --get commit.template [8ms]
2024-07-15 23:53:08.736 [info] > git rev-parse --show-toplevel [13ms]
2024-07-15 23:53:08.741 [info] > git for-each-ref --format=%(refname)%00%(upstream:short)%00%(objectname)%00%(upstream:track)%00%(upstream:remotename)%00%(upstream:remoteref) refs/heads/main refs/remotes/main [6ms]
2024-07-15 23:53:08.746 [info] > git rev-parse --show-toplevel [6ms]
2024-07-15 23:53:08.756 [info] > git status -z -uall [11ms]
2024-07-15 23:53:08.783 [info] > git for-each-ref --format=%(refname)%00%(upstream:short)%00%(objectname)%00%(upstream:track)%00%(upstream:remotename)%00%(upstream:remoteref) refs/heads/main refs/remotes/main [11ms]
2024-07-15 23:53:08.789 [info] > git config --get commit.template [7ms]
2024-07-15 23:53:08.790 [info] > git config --local branch.main.vscode-merge-base [2ms]
2024-07-15 23:53:08.790 [warning] git config failed: Failed to execute git
2024-07-15 23:53:08.833 [info] > git reflog main --grep-reflog=branch: Created from *. [37ms]
2024-07-15 23:53:08.855 [info] > git symbolic-ref --short refs/remotes/origin/HEAD [16ms]
2024-07-15 23:53:08.855 [info] fatal: ref refs/remotes/origin/HEAD is not a symbolic ref
2024-07-15 23:53:08.855 [info] > git for-each-ref --format=%(refname)%00%(upstream:short)%00%(objectname)%00%(upstream:track)%00%(upstream:remotename)%00%(upstream:remoteref) refs/heads/main refs/remotes/main [28ms]
2024-07-15 23:53:08.861 [info] > git status -z -uall [2ms]
2024-07-15 23:53:08.869 [info] > git for-each-ref --format=%(refname)%00%(upstream:short)%00%(objectname)%00%(upstream:track)%00%(upstream:remotename)%00%(upstream:remoteref) refs/heads/main refs/remotes/main [3ms]
2024-07-15 23:53:08.874 [info] > git config --local branch.main.vscode-merge-base [1ms]
2024-07-15 23:53:08.874 [warning] git config failed: Failed to execute git
2024-07-15 23:53:08.883 [info] > git reflog main --grep-reflog=branch: Created from *. [5ms]
2024-07-15 23:53:08.888 [info] > git symbolic-ref --short refs/remotes/origin/HEAD [1ms]
2024-07-15 23:53:08.888 [info] fatal: ref refs/remotes/origin/HEAD is not a symbolic ref
2024-07-15 23:53:09.259 [info] > git check-ignore -v -z --stdin [4ms]
2024-07-15 23:53:09.454 [info] > git show --textconv :home/hyprland/hyprland.nix [4ms]
2024-07-15 23:53:09.455 [info] > git ls-files --stage -- /home/navi/.dotfiles/home/hyprland/hyprland.nix [1ms]
2024-07-15 23:53:09.459 [info] > git cat-file -s a284cce8a3356f94977b15123bc617bbe02ddeb2 [1ms]
2024-07-15 23:53:22.267 [info] > git show --textconv :home/nvim/nvim.nix [4ms]
2024-07-15 23:53:22.268 [info] > git ls-files --stage -- /home/navi/.dotfiles/home/nvim/nvim.nix [2ms]
2024-07-15 23:53:22.272 [info] > git cat-file -s d8ed2e5b3a0ed8182d4a674e0763b8fa22d88604 [2ms]
2024-07-15 23:53:22.632 [info] > git check-ignore -v -z --stdin [4ms]
2024-07-15 23:54:38.629 [info] > git config --get commit.template [16ms]
2024-07-15 23:54:38.631 [info] > git for-each-ref --format=%(refname)%00%(upstream:short)%00%(objectname)%00%(upstream:track)%00%(upstream:remotename)%00%(upstream:remoteref) refs/heads/main refs/remotes/main [5ms]
2024-07-15 23:54:38.651 [info] > git status -z -uall [8ms]
2024-07-15 23:54:38.667 [info] > git for-each-ref --format=%(refname)%00%(upstream:short)%00%(objectname)%00%(upstream:track)%00%(upstream:remotename)%00%(upstream:remoteref) refs/heads/main refs/remotes/main [3ms]
2024-07-15 23:54:38.676 [info] > git config --local branch.main.vscode-merge-base [3ms]
2024-07-15 23:54:38.676 [warning] git config failed: Failed to execute git
2024-07-15 23:54:38.684 [info] > git reflog main --grep-reflog=branch: Created from *. [4ms]
2024-07-15 23:54:38.688 [info] > git symbolic-ref --short refs/remotes/origin/HEAD [1ms]
2024-07-15 23:54:38.688 [info] fatal: ref refs/remotes/origin/HEAD is not a symbolic ref
2024-07-15 23:57:19.104 [info] > git config --get commit.template [9ms]
2024-07-15 23:57:19.105 [info] > git for-each-ref --format=%(refname)%00%(upstream:short)%00%(objectname)%00%(upstream:track)%00%(upstream:remotename)%00%(upstream:remoteref) refs/heads/main refs/remotes/main [3ms]
2024-07-15 23:57:19.113 [info] > git status -z -uall [3ms]
2024-07-15 23:57:19.124 [info] > git for-each-ref --format=%(refname)%00%(upstream:short)%00%(objectname)%00%(upstream:track)%00%(upstream:remotename)%00%(upstream:remoteref) refs/heads/main refs/remotes/main [3ms]
2024-07-15 23:57:19.131 [info] > git config --local branch.main.vscode-merge-base [2ms]
2024-07-15 23:57:19.131 [warning] git config failed: Failed to execute git
2024-07-15 23:57:19.141 [info] > git reflog main --grep-reflog=branch: Created from *. [4ms]
2024-07-15 23:57:19.147 [info] > git symbolic-ref --short refs/remotes/origin/HEAD [1ms]
2024-07-15 23:57:19.147 [info] fatal: ref refs/remotes/origin/HEAD is not a symbolic ref
2024-07-15 23:57:51.783 [info] > git config --get commit.template [7ms]
2024-07-15 23:57:51.785 [info] > git for-each-ref --format=%(refname)%00%(upstream:short)%00%(objectname)%00%(upstream:track)%00%(upstream:remotename)%00%(upstream:remoteref) refs/heads/main refs/remotes/main [1ms]
2024-07-15 23:57:51.791 [info] > git status -z -uall [2ms]
2024-07-15 23:57:51.799 [info] > git for-each-ref --format=%(refname)%00%(upstream:short)%00%(objectname)%00%(upstream:track)%00%(upstream:remotename)%00%(upstream:remoteref) refs/heads/main refs/remotes/main [3ms]
2024-07-15 23:57:51.804 [info] > git config --local branch.main.vscode-merge-base [1ms]
2024-07-15 23:57:51.804 [warning] git config failed: Failed to execute git
2024-07-15 23:57:51.813 [info] > git reflog main --grep-reflog=branch: Created from *. [5ms]
2024-07-15 23:57:51.819 [info] > git symbolic-ref --short refs/remotes/origin/HEAD [1ms]
2024-07-15 23:57:51.819 [info] fatal: ref refs/remotes/origin/HEAD is not a symbolic ref
2024-07-15 23:58:15.779 [info] > git config --get commit.template [14ms]
2024-07-15 23:58:15.782 [info] > git for-each-ref --format=%(refname)%00%(upstream:short)%00%(objectname)%00%(upstream:track)%00%(upstream:remotename)%00%(upstream:remoteref) refs/heads/main refs/remotes/main [6ms]
2024-07-15 23:58:15.802 [info] > git status -z -uall [8ms]
2024-07-15 23:58:15.823 [info] > git for-each-ref --format=%(refname)%00%(upstream:short)%00%(objectname)%00%(upstream:track)%00%(upstream:remotename)%00%(upstream:remoteref) refs/heads/main refs/remotes/main [6ms]
2024-07-15 23:58:15.834 [info] > git config --local branch.main.vscode-merge-base [3ms]
2024-07-15 23:58:15.834 [warning] git config failed: Failed to execute git
2024-07-15 23:58:15.845 [info] > git reflog main --grep-reflog=branch: Created from *. [6ms]
2024-07-15 23:58:15.851 [info] > git symbolic-ref --short refs/remotes/origin/HEAD [1ms]
2024-07-15 23:58:15.851 [info] fatal: ref refs/remotes/origin/HEAD is not a symbolic ref
2024-07-15 23:58:34.100 [info] > git config --get commit.template [6ms]
2024-07-15 23:58:34.101 [info] > git for-each-ref --format=%(refname)%00%(upstream:short)%00%(objectname)%00%(upstream:track)%00%(upstream:remotename)%00%(upstream:remoteref) refs/heads/main refs/remotes/main [2ms]
2024-07-15 23:58:34.109 [info] > git status -z -uall [4ms]
2024-07-15 23:58:34.118 [info] > git for-each-ref --format=%(refname)%00%(upstream:short)%00%(objectname)%00%(upstream:track)%00%(upstream:remotename)%00%(upstream:remoteref) refs/heads/main refs/remotes/main [3ms]
2024-07-15 23:58:34.126 [info] > git config --local branch.main.vscode-merge-base [2ms]
2024-07-15 23:58:34.126 [warning] git config failed: Failed to execute git
2024-07-15 23:58:34.136 [info] > git reflog main --grep-reflog=branch: Created from *. [5ms]
2024-07-15 23:58:34.143 [info] > git symbolic-ref --short refs/remotes/origin/HEAD [2ms]
2024-07-15 23:58:34.143 [info] fatal: ref refs/remotes/origin/HEAD is not a symbolic ref
2024-07-15 23:58:36.861 [info] > git check-ignore -v -z --stdin [3ms]
2024-07-15 23:58:48.592 [info] > git ls-files --stage -- /home/navi/.dotfiles/home.nix [1ms]
2024-07-15 23:58:48.595 [info] > git show --textconv :home.nix [8ms]
2024-07-15 23:58:48.596 [info] > git cat-file -s 7785d8ae268813a50c3df22563de4c6b205ed8c7 [1ms]
2024-07-15 23:58:49.707 [info] > git show --textconv :home/nvim/nvim.nix [13ms]
2024-07-15 23:58:49.710 [info] > git ls-files --stage -- /home/navi/.dotfiles/home/nvim/nvim.nix [5ms]
2024-07-15 23:58:49.724 [info] > git cat-file -s d8ed2e5b3a0ed8182d4a674e0763b8fa22d88604 [4ms]
2024-07-15 23:58:53.430 [info] > git check-ignore -v -z --stdin [5ms]
2024-07-15 23:58:54.430 [info] > git check-ignore -v -z --stdin [6ms]
2024-07-15 23:58:55.819 [info] > git check-ignore -v -z --stdin [5ms]
2024-07-15 23:58:58.070 [info] > git show --textconv :nvim/lua/core/plugin_config/lualine.lua [4ms]
2024-07-15 23:58:58.071 [info] > git ls-files --stage -- /home/navi/.dotfiles/nvim/lua/core/plugin_config/lualine.lua [1ms]
2024-07-15 23:59:09.907 [info] > git show --textconv :home/nvim/plugin/lualine.lua [8ms]
2024-07-15 23:59:09.908 [info] > git ls-files --stage -- /home/navi/.dotfiles/home/nvim/plugin/lualine.lua [2ms]
2024-07-15 23:59:10.172 [info] > git check-ignore -v -z --stdin [3ms]
2024-07-15 23:59:10.758 [info] > git config --get commit.template [14ms]
2024-07-15 23:59:10.761 [info] > git for-each-ref --format=%(refname)%00%(upstream:short)%00%(objectname)%00%(upstream:track)%00%(upstream:remotename)%00%(upstream:remoteref) refs/heads/main refs/remotes/main [5ms]
2024-07-15 23:59:10.775 [info] > git status -z -uall [5ms]
2024-07-15 23:59:10.788 [info] > git for-each-ref --format=%(refname)%00%(upstream:short)%00%(objectname)%00%(upstream:track)%00%(upstream:remotename)%00%(upstream:remoteref) refs/heads/main refs/remotes/main [4ms]
2024-07-15 23:59:10.795 [info] > git config --local branch.main.vscode-merge-base [2ms]
2024-07-15 23:59:10.795 [warning] git config failed: Failed to execute git
2024-07-15 23:59:10.802 [info] > git reflog main --grep-reflog=branch: Created from *. [3ms]
2024-07-15 23:59:10.807 [info] > git symbolic-ref --short refs/remotes/origin/HEAD [1ms]
2024-07-15 23:59:10.807 [info] fatal: ref refs/remotes/origin/HEAD is not a symbolic ref
2024-07-15 23:59:17.248 [info] > git config --get commit.template [12ms]
2024-07-15 23:59:17.249 [info] > git for-each-ref --format=%(refname)%00%(upstream:short)%00%(objectname)%00%(upstream:track)%00%(upstream:remotename)%00%(upstream:remoteref) refs/heads/main refs/remotes/main [1ms]
2024-07-15 23:59:17.255 [info] > git status -z -uall [2ms]
2024-07-15 23:59:17.261 [info] > git for-each-ref --format=%(refname)%00%(upstream:short)%00%(objectname)%00%(upstream:track)%00%(upstream:remotename)%00%(upstream:remoteref) refs/heads/main refs/remotes/main [2ms]
2024-07-15 23:59:17.266 [info] > git config --local branch.main.vscode-merge-base [1ms]
2024-07-15 23:59:17.266 [warning] git config failed: Failed to execute git
2024-07-15 23:59:17.272 [info] > git reflog main --grep-reflog=branch: Created from *. [3ms]
2024-07-15 23:59:17.275 [info] > git symbolic-ref --short refs/remotes/origin/HEAD [1ms]
2024-07-15 23:59:17.275 [info] fatal: ref refs/remotes/origin/HEAD is not a symbolic ref
2024-07-16 00:00:22.973 [info] > git config --get commit.template [5ms]
2024-07-16 00:00:22.974 [info] > git for-each-ref --format=%(refname)%00%(upstream:short)%00%(objectname)%00%(upstream:track)%00%(upstream:remotename)%00%(upstream:remoteref) refs/heads/main refs/remotes/main [2ms]
2024-07-16 00:00:22.981 [info] > git status -z -uall [2ms]
2024-07-16 00:00:22.988 [info] > git for-each-ref --format=%(refname)%00%(upstream:short)%00%(objectname)%00%(upstream:track)%00%(upstream:remotename)%00%(upstream:remoteref) refs/heads/main refs/remotes/main [3ms]
2024-07-16 00:00:22.993 [info] > git config --local branch.main.vscode-merge-base [2ms]
2024-07-16 00:00:22.993 [warning] git config failed: Failed to execute git
2024-07-16 00:00:23.001 [info] > git reflog main --grep-reflog=branch: Created from *. [3ms]
2024-07-16 00:00:23.005 [info] > git symbolic-ref --short refs/remotes/origin/HEAD [1ms]
2024-07-16 00:00:23.005 [info] fatal: ref refs/remotes/origin/HEAD is not a symbolic ref
2024-07-16 00:00:25.670 [info] > git show --textconv :nvim/lua/core/plugin_config/lualine.lua [8ms]
2024-07-16 00:00:25.672 [info] > git ls-files --stage -- /home/navi/.dotfiles/nvim/lua/core/plugin_config/lualine.lua [3ms]
2024-07-16 00:00:30.469 [info] > git show --textconv :home/nvim/nvim.nix [14ms]
2024-07-16 00:00:30.472 [info] > git ls-files --stage -- /home/navi/.dotfiles/home/nvim/nvim.nix [6ms]
2024-07-16 00:00:30.485 [info] > git cat-file -s d8ed2e5b3a0ed8182d4a674e0763b8fa22d88604 [3ms]
2024-07-16 00:01:18.838 [info] > git config --get commit.template [7ms]
2024-07-16 00:01:18.839 [info] > git for-each-ref --format=%(refname)%00%(upstream:short)%00%(objectname)%00%(upstream:track)%00%(upstream:remotename)%00%(upstream:remoteref) refs/heads/main refs/remotes/main [2ms]
2024-07-16 00:01:18.851 [info] > git status -z -uall [6ms]
2024-07-16 00:01:18.864 [info] > git for-each-ref --format=%(refname)%00%(upstream:short)%00%(objectname)%00%(upstream:track)%00%(upstream:remotename)%00%(upstream:remoteref) refs/heads/main refs/remotes/main [4ms]
2024-07-16 00:01:18.872 [info] > git config --local branch.main.vscode-merge-base [1ms]
2024-07-16 00:01:18.872 [warning] git config failed: Failed to execute git
2024-07-16 00:01:18.883 [info] > git reflog main --grep-reflog=branch: Created from *. [4ms]
2024-07-16 00:01:18.889 [info] > git symbolic-ref --short refs/remotes/origin/HEAD [2ms]
2024-07-16 00:01:18.889 [info] fatal: ref refs/remotes/origin/HEAD is not a symbolic ref
2024-07-16 00:01:30.148 [info] > git config --get commit.template [4ms]
2024-07-16 00:01:30.148 [info] > git for-each-ref --format=%(refname)%00%(upstream:short)%00%(objectname)%00%(upstream:track)%00%(upstream:remotename)%00%(upstream:remoteref) refs/heads/main refs/remotes/main [1ms]
2024-07-16 00:01:30.155 [info] > git status -z -uall [3ms]
2024-07-16 00:01:30.162 [info] > git for-each-ref --format=%(refname)%00%(upstream:short)%00%(objectname)%00%(upstream:track)%00%(upstream:remotename)%00%(upstream:remoteref) refs/heads/main refs/remotes/main [2ms]
2024-07-16 00:01:30.166 [info] > git config --local branch.main.vscode-merge-base [1ms]
2024-07-16 00:01:30.166 [warning] git config failed: Failed to execute git
2024-07-16 00:01:30.175 [info] > git reflog main --grep-reflog=branch: Created from *. [3ms]
2024-07-16 00:01:30.180 [info] > git symbolic-ref --short refs/remotes/origin/HEAD [1ms]
2024-07-16 00:01:30.180 [info] fatal: ref refs/remotes/origin/HEAD is not a symbolic ref
2024-07-16 00:01:38.880 [info] > git config --get commit.template [7ms]
2024-07-16 00:01:38.881 [info] > git for-each-ref --format=%(refname)%00%(upstream:short)%00%(objectname)%00%(upstream:track)%00%(upstream:remotename)%00%(upstream:remoteref) refs/heads/main refs/remotes/main [2ms]
2024-07-16 00:01:38.892 [info] > git status -z -uall [4ms]
2024-07-16 00:01:38.899 [info] > git for-each-ref --format=%(refname)%00%(upstream:short)%00%(objectname)%00%(upstream:track)%00%(upstream:remotename)%00%(upstream:remoteref) refs/heads/main refs/remotes/main [2ms]
2024-07-16 00:01:38.910 [info] > git config --local branch.main.vscode-merge-base [4ms]
2024-07-16 00:01:38.910 [warning] git config failed: Failed to execute git
2024-07-16 00:01:38.922 [info] > git reflog main --grep-reflog=branch: Created from *. [6ms]
2024-07-16 00:01:38.929 [info] > git symbolic-ref --short refs/remotes/origin/HEAD [1ms]
2024-07-16 00:01:38.929 [info] fatal: ref refs/remotes/origin/HEAD is not a symbolic ref
2024-07-16 00:03:40.897 [info] > git config --get commit.template [6ms]
2024-07-16 00:03:40.899 [info] > git for-each-ref --format=%(refname)%00%(upstream:short)%00%(objectname)%00%(upstream:track)%00%(upstream:remotename)%00%(upstream:remoteref) refs/heads/main refs/remotes/main [2ms]
2024-07-16 00:03:40.909 [info] > git status -z -uall [4ms]
2024-07-16 00:03:40.917 [info] > git for-each-ref --format=%(refname)%00%(upstream:short)%00%(objectname)%00%(upstream:track)%00%(upstream:remotename)%00%(upstream:remoteref) refs/heads/main refs/remotes/main [1ms]
2024-07-16 00:03:40.925 [info] > git config --local branch.main.vscode-merge-base [2ms]
2024-07-16 00:03:40.925 [warning] git config failed: Failed to execute git
2024-07-16 00:03:40.933 [info] > git reflog main --grep-reflog=branch: Created from *. [4ms]
2024-07-16 00:03:40.941 [info] > git symbolic-ref --short refs/remotes/origin/HEAD [3ms]
2024-07-16 00:03:40.941 [info] fatal: ref refs/remotes/origin/HEAD is not a symbolic ref
2024-07-16 00:03:42.798 [info] > git show --textconv :nvim/lua/core/plugin_config/lualine.lua [14ms]
2024-07-16 00:03:42.800 [info] > git ls-files --stage -- /home/navi/.dotfiles/nvim/lua/core/plugin_config/lualine.lua [4ms]
2024-07-16 00:03:55.077 [info] > git show --textconv :home/nvim/nvim.nix [5ms]
2024-07-16 00:03:55.077 [info] > git ls-files --stage -- /home/navi/.dotfiles/home/nvim/nvim.nix [1ms]
2024-07-16 00:03:55.082 [info] > git cat-file -s d8ed2e5b3a0ed8182d4a674e0763b8fa22d88604 [1ms]
2024-07-16 00:04:17.478 [info] > git config --get commit.template [13ms]
2024-07-16 00:04:17.480 [info] > git for-each-ref --format=%(refname)%00%(upstream:short)%00%(objectname)%00%(upstream:track)%00%(upstream:remotename)%00%(upstream:remoteref) refs/heads/main refs/remotes/main [4ms]
2024-07-16 00:04:17.498 [info] > git status -z -uall [7ms]
2024-07-16 00:04:17.519 [info] > git for-each-ref --format=%(refname)%00%(upstream:short)%00%(objectname)%00%(upstream:track)%00%(upstream:remotename)%00%(upstream:remoteref) refs/heads/main refs/remotes/main [8ms]
2024-07-16 00:04:17.527 [info] > git config --local branch.main.vscode-merge-base [2ms]
2024-07-16 00:04:17.527 [warning] git config failed: Failed to execute git
2024-07-16 00:04:17.536 [info] > git reflog main --grep-reflog=branch: Created from *. [4ms]
2024-07-16 00:04:17.541 [info] > git symbolic-ref --short refs/remotes/origin/HEAD [2ms]
2024-07-16 00:04:17.541 [info] fatal: ref refs/remotes/origin/HEAD is not a symbolic ref
2024-07-16 00:05:42.332 [info] > git config --get commit.template [4ms]
2024-07-16 00:05:42.333 [info] > git for-each-ref --format=%(refname)%00%(upstream:short)%00%(objectname)%00%(upstream:track)%00%(upstream:remotename)%00%(upstream:remoteref) refs/heads/main refs/remotes/main [2ms]
2024-07-16 00:05:42.338 [info] > git status -z -uall [2ms]
2024-07-16 00:05:42.343 [info] > git for-each-ref --format=%(refname)%00%(upstream:short)%00%(objectname)%00%(upstream:track)%00%(upstream:remotename)%00%(upstream:remoteref) refs/heads/main refs/remotes/main [2ms]
2024-07-16 00:05:42.349 [info] > git config --local branch.main.vscode-merge-base [2ms]
2024-07-16 00:05:42.349 [warning] git config failed: Failed to execute git
2024-07-16 00:05:42.355 [info] > git reflog main --grep-reflog=branch: Created from *. [3ms]
2024-07-16 00:05:42.359 [info] > git symbolic-ref --short refs/remotes/origin/HEAD [1ms]
2024-07-16 00:05:42.359 [info] fatal: ref refs/remotes/origin/HEAD is not a symbolic ref
2024-07-16 00:06:13.629 [info] > git config --get commit.template [13ms]
2024-07-16 00:06:13.632 [info] > git for-each-ref --format=%(refname)%00%(upstream:short)%00%(objectname)%00%(upstream:track)%00%(upstream:remotename)%00%(upstream:remoteref) refs/heads/main refs/remotes/main [5ms]
2024-07-16 00:06:13.650 [info] > git status -z -uall [7ms]
2024-07-16 00:06:13.668 [info] > git for-each-ref --format=%(refname)%00%(upstream:short)%00%(objectname)%00%(upstream:track)%00%(upstream:remotename)%00%(upstream:remoteref) refs/heads/main refs/remotes/main [6ms]
2024-07-16 00:06:13.678 [info] > git config --local branch.main.vscode-merge-base [2ms]
2024-07-16 00:06:13.678 [warning] git config failed: Failed to execute git
2024-07-16 00:06:13.685 [info] > git reflog main --grep-reflog=branch: Created from *. [2ms]
2024-07-16 00:06:13.689 [info] > git symbolic-ref --short refs/remotes/origin/HEAD [1ms]
2024-07-16 00:06:13.689 [info] fatal: ref refs/remotes/origin/HEAD is not a symbolic ref
2024-07-16 00:06:13.708 [info] > git ls-files --stage -- /home/navi/.dotfiles/home/nvim/nvim.nix [1ms]
2024-07-16 00:06:13.713 [info] > git cat-file -s 905b13053ef3fb24bfad398a378b8b982bccacd7 [2ms]
2024-07-16 00:06:13.718 [info] > git show --textconv :home/nvim/nvim.nix [1ms]
2024-07-16 00:06:55.074 [info] > git config --get commit.template [13ms]
2024-07-16 00:06:55.077 [info] > git for-each-ref --format=%(refname)%00%(upstream:short)%00%(objectname)%00%(upstream:track)%00%(upstream:remotename)%00%(upstream:remoteref) refs/heads/main refs/remotes/main [4ms]
2024-07-16 00:06:55.094 [info] > git status -z -uall [7ms]
2024-07-16 00:06:55.113 [info] > git for-each-ref --format=%(refname)%00%(upstream:short)%00%(objectname)%00%(upstream:track)%00%(upstream:remotename)%00%(upstream:remoteref) refs/heads/main refs/remotes/main [7ms]
2024-07-16 00:06:55.125 [info] > git config --local branch.main.vscode-merge-base [3ms]
2024-07-16 00:06:55.125 [warning] git config failed: Failed to execute git
2024-07-16 00:06:55.135 [info] > git reflog main --grep-reflog=branch: Created from *. [5ms]
2024-07-16 00:06:55.141 [info] > git symbolic-ref --short refs/remotes/origin/HEAD [2ms]
2024-07-16 00:06:55.141 [info] fatal: ref refs/remotes/origin/HEAD is not a symbolic ref
2024-07-16 00:08:31.743 [info] > git show --textconv :nvim/lua/core/plugin_config/colorscheme.lua [14ms]
2024-07-16 00:08:31.745 [info] > git ls-files --stage -- /home/navi/.dotfiles/nvim/lua/core/plugin_config/colorscheme.lua [3ms]
2024-07-16 00:08:31.753 [info] > git cat-file -s bba00996e5f97d03f1718cf7fd79ac164d048289 [3ms]
2024-07-16 00:08:40.056 [info] > git show --textconv :nvim/lua/core/plugins.lua [14ms]
2024-07-16 00:08:40.059 [info] > git ls-files --stage -- /home/navi/.dotfiles/nvim/lua/core/plugins.lua [5ms]
2024-07-16 00:08:40.072 [info] > git cat-file -s efbeb7fc8517244c4ef832c93d32cb74481bdb94 [3ms]
2024-07-16 00:10:41.224 [info] > git show --textconv :home/nvim/nvim.nix [14ms]
2024-07-16 00:10:41.226 [info] > git ls-files --stage -- /home/navi/.dotfiles/home/nvim/nvim.nix [4ms]
2024-07-16 00:10:41.234 [info] > git cat-file -s 905b13053ef3fb24bfad398a378b8b982bccacd7 [2ms]
2024-07-16 00:11:03.719 [info] > git config --get commit.template [1ms]
2024-07-16 00:11:03.723 [info] > git for-each-ref --format=%(refname)%00%(upstream:short)%00%(objectname)%00%(upstream:track)%00%(upstream:remotename)%00%(upstream:remoteref) refs/heads/main refs/remotes/main [1ms]
2024-07-16 00:11:03.728 [info] > git status -z -uall [2ms]
2024-07-16 00:11:03.733 [info] > git for-each-ref --format=%(refname)%00%(upstream:short)%00%(objectname)%00%(upstream:track)%00%(upstream:remotename)%00%(upstream:remoteref) refs/heads/main refs/remotes/main [2ms]
2024-07-16 00:11:03.737 [info] > git config --local branch.main.vscode-merge-base [1ms]
2024-07-16 00:11:03.737 [warning] git config failed: Failed to execute git
2024-07-16 00:11:03.743 [info] > git reflog main --grep-reflog=branch: Created from *. [2ms]
2024-07-16 00:11:03.747 [info] > git symbolic-ref --short refs/remotes/origin/HEAD [1ms]
2024-07-16 00:11:03.747 [info] fatal: ref refs/remotes/origin/HEAD is not a symbolic ref
2024-07-16 00:11:08.743 [info] > git config --get commit.template [4ms]
2024-07-16 00:11:08.744 [info] > git for-each-ref --format=%(refname)%00%(upstream:short)%00%(objectname)%00%(upstream:track)%00%(upstream:remotename)%00%(upstream:remoteref) refs/heads/main refs/remotes/main [2ms]
2024-07-16 00:11:08.749 [info] > git status -z -uall [2ms]
2024-07-16 00:11:08.755 [info] > git for-each-ref --format=%(refname)%00%(upstream:short)%00%(objectname)%00%(upstream:track)%00%(upstream:remotename)%00%(upstream:remoteref) refs/heads/main refs/remotes/main [2ms]
2024-07-16 00:11:08.759 [info] > git config --local branch.main.vscode-merge-base [1ms]
2024-07-16 00:11:08.759 [warning] git config failed: Failed to execute git
2024-07-16 00:11:08.765 [info] > git reflog main --grep-reflog=branch: Created from *. [2ms]
2024-07-16 00:11:08.770 [info] > git symbolic-ref --short refs/remotes/origin/HEAD [2ms]
2024-07-16 00:11:08.770 [info] fatal: ref refs/remotes/origin/HEAD is not a symbolic ref
2024-07-16 00:11:34.032 [info] > git show --textconv :nvim/lua/core/plugins.lua [5ms]
2024-07-16 00:11:34.033 [info] > git ls-files --stage -- /home/navi/.dotfiles/nvim/lua/core/plugins.lua [2ms]
2024-07-16 00:11:34.037 [info] > git cat-file -s efbeb7fc8517244c4ef832c93d32cb74481bdb94 [1ms]
2024-07-16 00:11:54.431 [info] > git show --textconv :nvim/lua/core/plugin_config/init.lua [12ms]
2024-07-16 00:11:54.433 [info] > git ls-files --stage -- /home/navi/.dotfiles/nvim/lua/core/plugin_config/init.lua [4ms]
2024-07-16 00:11:54.443 [info] > git cat-file -s 30e35ecbbbca85f4c0d943aa2870a7c4f90bc877 [2ms]
2024-07-16 00:11:55.587 [info] > git show --textconv :nvim/lua/core/plugin_config/lsp_config.lua [18ms]
2024-07-16 00:11:55.588 [info] > git ls-files --stage -- /home/navi/.dotfiles/nvim/lua/core/plugin_config/lsp_config.lua [3ms]
2024-07-16 00:11:55.597 [info] > git cat-file -s 2497f4225ebafd551a30acee1e03c7c20eb3a41d [1ms]
2024-07-16 00:12:08.715 [info] > git show --textconv :home/nvim/nvim.nix [13ms]
2024-07-16 00:12:08.717 [info] > git ls-files --stage -- /home/navi/.dotfiles/home/nvim/nvim.nix [3ms]
2024-07-16 00:12:08.727 [info] > git cat-file -s 905b13053ef3fb24bfad398a378b8b982bccacd7 [3ms]
2024-07-16 00:12:58.469 [info] > git show --textconv :nvim/lua/core/plugin_config/completion.lua [14ms]
2024-07-16 00:12:58.472 [info] > git ls-files --stage -- /home/navi/.dotfiles/nvim/lua/core/plugin_config/completion.lua [4ms]
2024-07-16 00:12:58.486 [info] > git cat-file -s 96e2333c0889a1a1e668b1133a24c6619129dcee [4ms]
2024-07-16 00:13:05.067 [info] > git show --textconv :nvim/lua/core/plugin_config/lsp_config.lua [14ms]
2024-07-16 00:13:05.070 [info] > git ls-files --stage -- /home/navi/.dotfiles/nvim/lua/core/plugin_config/lsp_config.lua [4ms]
2024-07-16 00:13:05.078 [info] > git cat-file -s 2497f4225ebafd551a30acee1e03c7c20eb3a41d [2ms]
2024-07-16 00:16:10.776 [info] > git show --textconv :nvim/lua/core/plugin_config/completion.lua [5ms]
2024-07-16 00:16:10.777 [info] > git ls-files --stage -- /home/navi/.dotfiles/nvim/lua/core/plugin_config/completion.lua [2ms]
2024-07-16 00:16:10.782 [info] > git cat-file -s 96e2333c0889a1a1e668b1133a24c6619129dcee [1ms]
2024-07-16 00:16:12.053 [info] > git show --textconv :home/nvim/nvim.nix [13ms]
2024-07-16 00:16:12.055 [info] > git ls-files --stage -- /home/navi/.dotfiles/home/nvim/nvim.nix [4ms]
2024-07-16 00:16:12.073 [info] > git cat-file -s 905b13053ef3fb24bfad398a378b8b982bccacd7 [5ms]
2024-07-16 00:16:27.458 [info] > git show --textconv :nvim/lua/core/plugin_config/telescope.lua [4ms]
2024-07-16 00:16:27.459 [info] > git ls-files --stage -- /home/navi/.dotfiles/nvim/lua/core/plugin_config/telescope.lua [1ms]
2024-07-16 00:16:27.464 [info] > git cat-file -s 35889432bd8b8feaeeaef329bbb9c992e7d6c494 [1ms]
2024-07-16 00:17:26.347 [info] > git show --textconv :nvim/lua/core/plugin_config/treesitter.lua [12ms]
2024-07-16 00:17:26.350 [info] > git ls-files --stage -- /home/navi/.dotfiles/nvim/lua/core/plugin_config/treesitter.lua [4ms]
2024-07-16 00:17:26.364 [info] > git cat-file -s b3c5947d107c273c33658a5e34f100e5bc05a054 [4ms]
2024-07-16 00:18:36.213 [info] > git show --textconv :home/nvim/nvim.nix [18ms]
2024-07-16 00:18:36.217 [info] > git ls-files --stage -- /home/navi/.dotfiles/home/nvim/nvim.nix [7ms]
2024-07-16 00:18:36.236 [info] > git cat-file -s 905b13053ef3fb24bfad398a378b8b982bccacd7 [3ms]
2024-07-16 00:18:38.265 [info] > git show --textconv :nvim/lua/core/plugin_config/treesitter.lua [14ms]
2024-07-16 00:18:38.277 [info] > git ls-files --stage -- /home/navi/.dotfiles/nvim/lua/core/plugin_config/treesitter.lua [14ms]
2024-07-16 00:18:38.282 [info] > git config --get commit.template [6ms]
2024-07-16 00:18:38.287 [info] > git cat-file -s b3c5947d107c273c33658a5e34f100e5bc05a054 [6ms]
2024-07-16 00:18:38.289 [info] > git for-each-ref --format=%(refname)%00%(upstream:short)%00%(objectname)%00%(upstream:track)%00%(upstream:remotename)%00%(upstream:remoteref) refs/heads/main refs/remotes/main [2ms]
2024-07-16 00:18:38.295 [info] > git status -z -uall [2ms]
2024-07-16 00:18:38.300 [info] > git for-each-ref --format=%(refname)%00%(upstream:short)%00%(objectname)%00%(upstream:track)%00%(upstream:remotename)%00%(upstream:remoteref) refs/heads/main refs/remotes/main [1ms]
2024-07-16 00:18:38.305 [info] > git config --local branch.main.vscode-merge-base [1ms]
2024-07-16 00:18:38.305 [warning] git config failed: Failed to execute git
2024-07-16 00:18:38.311 [info] > git reflog main --grep-reflog=branch: Created from *. [3ms]
2024-07-16 00:18:38.315 [info] > git symbolic-ref --short refs/remotes/origin/HEAD [1ms]
2024-07-16 00:18:38.315 [info] fatal: ref refs/remotes/origin/HEAD is not a symbolic ref
2024-07-16 00:18:39.266 [info] > git show --textconv :home/nvim/nvim.nix [5ms]
2024-07-16 00:18:39.266 [info] > git ls-files --stage -- /home/navi/.dotfiles/home/nvim/nvim.nix [1ms]
2024-07-16 00:18:39.271 [info] > git cat-file -s 905b13053ef3fb24bfad398a378b8b982bccacd7 [2ms]
2024-07-16 00:20:08.470 [info] > git config --get commit.template [10ms]
2024-07-16 00:20:08.470 [info] > git for-each-ref --format=%(refname)%00%(upstream:short)%00%(objectname)%00%(upstream:track)%00%(upstream:remotename)%00%(upstream:remoteref) refs/heads/main refs/remotes/main [2ms]
2024-07-16 00:20:08.480 [info] > git status -z -uall [4ms]
2024-07-16 00:20:08.491 [info] > git for-each-ref --format=%(refname)%00%(upstream:short)%00%(objectname)%00%(upstream:track)%00%(upstream:remotename)%00%(upstream:remoteref) refs/heads/main refs/remotes/main [3ms]
2024-07-16 00:20:08.500 [info] > git config --local branch.main.vscode-merge-base [2ms]
2024-07-16 00:20:08.500 [warning] git config failed: Failed to execute git
2024-07-16 00:20:08.510 [info] > git reflog main --grep-reflog=branch: Created from *. [4ms]
2024-07-16 00:20:08.518 [info] > git symbolic-ref --short refs/remotes/origin/HEAD [2ms]
2024-07-16 00:20:08.518 [info] fatal: ref refs/remotes/origin/HEAD is not a symbolic ref
2024-07-16 00:20:15.371 [info] > git show --textconv :home/nvim/plugin/telescope.lua [4ms]
2024-07-16 00:20:15.372 [info] > git ls-files --stage -- /home/navi/.dotfiles/home/nvim/plugin/telescope.lua [1ms]
2024-07-16 00:20:15.659 [info] > git check-ignore -v -z --stdin [4ms]
2024-07-16 00:20:16.203 [info] > git config --get commit.template [5ms]
2024-07-16 00:20:16.204 [info] > git for-each-ref --format=%(refname)%00%(upstream:short)%00%(objectname)%00%(upstream:track)%00%(upstream:remotename)%00%(upstream:remoteref) refs/heads/main refs/remotes/main [2ms]
2024-07-16 00:20:16.210 [info] > git status -z -uall [2ms]
2024-07-16 00:20:16.218 [info] > git for-each-ref --format=%(refname)%00%(upstream:short)%00%(objectname)%00%(upstream:track)%00%(upstream:remotename)%00%(upstream:remoteref) refs/heads/main refs/remotes/main [2ms]
2024-07-16 00:20:16.222 [info] > git config --local branch.main.vscode-merge-base [1ms]
2024-07-16 00:20:16.222 [warning] git config failed: Failed to execute git
2024-07-16 00:20:16.229 [info] > git reflog main --grep-reflog=branch: Created from *. [4ms]
2024-07-16 00:20:16.233 [info] > git symbolic-ref --short refs/remotes/origin/HEAD [1ms]
2024-07-16 00:20:16.233 [info] fatal: ref refs/remotes/origin/HEAD is not a symbolic ref
2024-07-16 00:23:10.270 [info] > git show --textconv :home/nvim/nvim.nix [10ms]
2024-07-16 00:23:10.271 [info] > git ls-files --stage -- /home/navi/.dotfiles/home/nvim/nvim.nix [2ms]
2024-07-16 00:23:10.281 [info] > git cat-file -s 905b13053ef3fb24bfad398a378b8b982bccacd7 [2ms]
2024-07-16 00:28:07.471 [info] > git config --get commit.template [10ms]
2024-07-16 00:28:07.474 [info] > git for-each-ref --format=%(refname)%00%(upstream:short)%00%(objectname)%00%(upstream:track)%00%(upstream:remotename)%00%(upstream:remoteref) refs/heads/main refs/remotes/main [4ms]
2024-07-16 00:28:07.485 [info] > git status -z -uall [4ms]
2024-07-16 00:28:07.496 [info] > git for-each-ref --format=%(refname)%00%(upstream:short)%00%(objectname)%00%(upstream:track)%00%(upstream:remotename)%00%(upstream:remoteref) refs/heads/main refs/remotes/main [2ms]
2024-07-16 00:28:07.503 [info] > git config --local branch.main.vscode-merge-base [2ms]
2024-07-16 00:28:07.503 [warning] git config failed: Failed to execute git
2024-07-16 00:28:07.514 [info] > git reflog main --grep-reflog=branch: Created from *. [5ms]
2024-07-16 00:28:07.519 [info] > git symbolic-ref --short refs/remotes/origin/HEAD [2ms]
2024-07-16 00:28:07.519 [info] fatal: ref refs/remotes/origin/HEAD is not a symbolic ref
2024-07-16 00:29:33.493 [info] > git config --get commit.template [13ms]
2024-07-16 00:29:33.496 [info] > git for-each-ref --format=%(refname)%00%(upstream:short)%00%(objectname)%00%(upstream:track)%00%(upstream:remotename)%00%(upstream:remoteref) refs/heads/main refs/remotes/main [4ms]
2024-07-16 00:29:33.511 [info] > git status -z -uall [6ms]
2024-07-16 00:29:33.529 [info] > git for-each-ref --format=%(refname)%00%(upstream:short)%00%(objectname)%00%(upstream:track)%00%(upstream:remotename)%00%(upstream:remoteref) refs/heads/main refs/remotes/main [4ms]
2024-07-16 00:29:33.544 [info] > git config --local branch.main.vscode-merge-base [4ms]
2024-07-16 00:29:33.544 [warning] git config failed: Failed to execute git
2024-07-16 00:29:33.561 [info] > git reflog main --grep-reflog=branch: Created from *. [7ms]
2024-07-16 00:29:33.571 [info] > git symbolic-ref --short refs/remotes/origin/HEAD [2ms]
2024-07-16 00:29:33.571 [info] fatal: ref refs/remotes/origin/HEAD is not a symbolic ref
2024-07-16 00:29:46.100 [info] > git config --get commit.template [2ms]
2024-07-16 00:29:46.110 [info] > git for-each-ref --format=%(refname)%00%(upstream:short)%00%(objectname)%00%(upstream:track)%00%(upstream:remotename)%00%(upstream:remoteref) refs/heads/main refs/remotes/main [3ms]
2024-07-16 00:29:46.120 [info] > git status -z -uall [3ms]
2024-07-16 00:29:46.130 [info] > git for-each-ref --format=%(refname)%00%(upstream:short)%00%(objectname)%00%(upstream:track)%00%(upstream:remotename)%00%(upstream:remoteref) refs/heads/main refs/remotes/main [4ms]
2024-07-16 00:29:46.135 [info] > git config --local branch.main.vscode-merge-base [1ms]
2024-07-16 00:29:46.135 [warning] git config failed: Failed to execute git
2024-07-16 00:29:46.144 [info] > git reflog main --grep-reflog=branch: Created from *. [4ms]
2024-07-16 00:29:46.149 [info] > git symbolic-ref --short refs/remotes/origin/HEAD [2ms]
2024-07-16 00:29:46.149 [info] fatal: ref refs/remotes/origin/HEAD is not a symbolic ref
2024-07-16 00:29:51.159 [info] > git config --get commit.template [16ms]
2024-07-16 00:29:51.163 [info] > git for-each-ref --format=%(refname)%00%(upstream:short)%00%(objectname)%00%(upstream:track)%00%(upstream:remotename)%00%(upstream:remoteref) refs/heads/main refs/remotes/main [6ms]
2024-07-16 00:29:51.178 [info] > git status -z -uall [5ms]
2024-07-16 00:29:51.190 [info] > git for-each-ref --format=%(refname)%00%(upstream:short)%00%(objectname)%00%(upstream:track)%00%(upstream:remotename)%00%(upstream:remoteref) refs/heads/main refs/remotes/main [3ms]
2024-07-16 00:29:51.198 [info] > git config --local branch.main.vscode-merge-base [2ms]
2024-07-16 00:29:51.198 [warning] git config failed: Failed to execute git
2024-07-16 00:29:51.205 [info] > git reflog main --grep-reflog=branch: Created from *. [3ms]
2024-07-16 00:29:51.210 [info] > git symbolic-ref --short refs/remotes/origin/HEAD [1ms]
2024-07-16 00:29:51.210 [info] fatal: ref refs/remotes/origin/HEAD is not a symbolic ref
2024-07-16 00:31:53.826 [info] > git config --get commit.template [4ms]
2024-07-16 00:31:53.826 [info] > git for-each-ref --format=%(refname)%00%(upstream:short)%00%(objectname)%00%(upstream:track)%00%(upstream:remotename)%00%(upstream:remoteref) refs/heads/main refs/remotes/main [1ms]
2024-07-16 00:31:53.831 [info] > git status -z -uall [2ms]
2024-07-16 00:31:53.836 [info] > git for-each-ref --format=%(refname)%00%(upstream:short)%00%(objectname)%00%(upstream:track)%00%(upstream:remotename)%00%(upstream:remoteref) refs/heads/main refs/remotes/main [2ms]
2024-07-16 00:31:53.840 [info] > git config --local branch.main.vscode-merge-base [1ms]
2024-07-16 00:31:53.840 [warning] git config failed: Failed to execute git
2024-07-16 00:31:53.846 [info] > git reflog main --grep-reflog=branch: Created from *. [3ms]
2024-07-16 00:31:53.850 [info] > git symbolic-ref --short refs/remotes/origin/HEAD [1ms]
2024-07-16 00:31:53.850 [info] fatal: ref refs/remotes/origin/HEAD is not a symbolic ref
2024-07-16 00:32:15.221 [info] > git config --get commit.template [8ms]
2024-07-16 00:32:15.222 [info] > git for-each-ref --format=%(refname)%00%(upstream:short)%00%(objectname)%00%(upstream:track)%00%(upstream:remotename)%00%(upstream:remoteref) refs/heads/main refs/remotes/main [2ms]
2024-07-16 00:32:15.231 [info] > git status -z -uall [4ms]
2024-07-16 00:32:15.237 [info] > git for-each-ref --format=%(refname)%00%(upstream:short)%00%(objectname)%00%(upstream:track)%00%(upstream:remotename)%00%(upstream:remoteref) refs/heads/main refs/remotes/main [1ms]
2024-07-16 00:32:15.244 [info] > git config --local branch.main.vscode-merge-base [2ms]
2024-07-16 00:32:15.244 [warning] git config failed: Failed to execute git
2024-07-16 00:32:15.253 [info] > git reflog main --grep-reflog=branch: Created from *. [4ms]
2024-07-16 00:32:15.259 [info] > git symbolic-ref --short refs/remotes/origin/HEAD [1ms]
2024-07-16 00:32:15.259 [info] fatal: ref refs/remotes/origin/HEAD is not a symbolic ref
2024-07-16 00:32:30.480 [info] > git show --textconv :home/nvim/plugin/treesitter.lua [14ms]
2024-07-16 00:32:30.483 [info] > git ls-files --stage -- /home/navi/.dotfiles/home/nvim/plugin/treesitter.lua [4ms]
2024-07-16 00:32:30.732 [info] > git check-ignore -v -z --stdin [2ms]
2024-07-16 00:32:31.279 [info] > git config --get commit.template [6ms]
2024-07-16 00:32:31.280 [info] > git for-each-ref --format=%(refname)%00%(upstream:short)%00%(objectname)%00%(upstream:track)%00%(upstream:remotename)%00%(upstream:remoteref) refs/heads/main refs/remotes/main [2ms]
2024-07-16 00:32:31.288 [info] > git status -z -uall [3ms]
2024-07-16 00:32:31.296 [info] > git for-each-ref --format=%(refname)%00%(upstream:short)%00%(objectname)%00%(upstream:track)%00%(upstream:remotename)%00%(upstream:remoteref) refs/heads/main refs/remotes/main [2ms]
2024-07-16 00:32:31.303 [info] > git config --local branch.main.vscode-merge-base [2ms]
2024-07-16 00:32:31.304 [warning] git config failed: Failed to execute git
2024-07-16 00:32:31.313 [info] > git reflog main --grep-reflog=branch: Created from *. [4ms]
2024-07-16 00:32:31.319 [info] > git symbolic-ref --short refs/remotes/origin/HEAD [1ms]
2024-07-16 00:32:31.320 [info] fatal: ref refs/remotes/origin/HEAD is not a symbolic ref
2024-07-16 00:32:31.849 [info] > git show --textconv :home/nvim/nvim.nix [13ms]
2024-07-16 00:32:31.852 [info] > git ls-files --stage -- /home/navi/.dotfiles/home/nvim/nvim.nix [4ms]
2024-07-16 00:32:31.867 [info] > git cat-file -s 905b13053ef3fb24bfad398a378b8b982bccacd7 [5ms]
2024-07-16 00:32:32.596 [info] > git show --textconv :home/vscode/vscode.nix [15ms]
2024-07-16 00:32:32.598 [info] > git ls-files --stage -- /home/navi/.dotfiles/home/vscode/vscode.nix [4ms]
2024-07-16 00:32:32.607 [info] > git cat-file -s 864f40b07a3f0013bc66d597bb61977d07f80afb [2ms]
2024-07-16 00:32:33.882 [info] > git show --textconv :home/nvim/nvim.nix [12ms]
2024-07-16 00:32:33.884 [info] > git ls-files --stage -- /home/navi/.dotfiles/home/nvim/nvim.nix [3ms]
2024-07-16 00:32:33.891 [info] > git cat-file -s 905b13053ef3fb24bfad398a378b8b982bccacd7 [2ms]
2024-07-16 00:32:41.333 [info] > git config --get commit.template [0ms]
2024-07-16 00:32:41.345 [info] > git for-each-ref --format=%(refname)%00%(upstream:short)%00%(objectname)%00%(upstream:track)%00%(upstream:remotename)%00%(upstream:remoteref) refs/heads/main refs/remotes/main [6ms]
2024-07-16 00:32:41.356 [info] > git status -z -uall [4ms]
2024-07-16 00:32:41.365 [info] > git for-each-ref --format=%(refname)%00%(upstream:short)%00%(objectname)%00%(upstream:track)%00%(upstream:remotename)%00%(upstream:remoteref) refs/heads/main refs/remotes/main [3ms]
2024-07-16 00:32:41.372 [info] > git config --local branch.main.vscode-merge-base [2ms]
2024-07-16 00:32:41.372 [warning] git config failed: Failed to execute git
2024-07-16 00:32:41.383 [info] > git reflog main --grep-reflog=branch: Created from *. [4ms]
2024-07-16 00:32:41.387 [info] > git symbolic-ref --short refs/remotes/origin/HEAD [1ms]
2024-07-16 00:32:41.387 [info] fatal: ref refs/remotes/origin/HEAD is not a symbolic ref
2024-07-16 00:32:42.323 [info] > git show --textconv :home/nvim/plugin/treesitter.lua [7ms]
2024-07-16 00:32:42.325 [info] > git ls-files --stage -- /home/navi/.dotfiles/home/nvim/plugin/treesitter.lua [3ms]
2024-07-16 00:32:46.390 [info] > git config --get commit.template [14ms]
2024-07-16 00:32:46.393 [info] > git for-each-ref --format=%(refname)%00%(upstream:short)%00%(objectname)%00%(upstream:track)%00%(upstream:remotename)%00%(upstream:remoteref) refs/heads/main refs/remotes/main [4ms]
2024-07-16 00:32:46.409 [info] > git status -z -uall [6ms]
2024-07-16 00:32:46.425 [info] > git for-each-ref --format=%(refname)%00%(upstream:short)%00%(objectname)%00%(upstream:track)%00%(upstream:remotename)%00%(upstream:remoteref) refs/heads/main refs/remotes/main [4ms]
2024-07-16 00:32:46.440 [info] > git config --local branch.main.vscode-merge-base [3ms]
2024-07-16 00:32:46.440 [warning] git config failed: Failed to execute git
2024-07-16 00:32:46.461 [info] > git reflog main --grep-reflog=branch: Created from *. [10ms]
2024-07-16 00:32:46.474 [info] > git symbolic-ref --short refs/remotes/origin/HEAD [4ms]
2024-07-16 00:32:46.474 [info] fatal: ref refs/remotes/origin/HEAD is not a symbolic ref
2024-07-16 00:32:51.521 [info] > git show --textconv :home/nvim/nvim.nix [3ms]
2024-07-16 00:32:51.521 [info] > git ls-files --stage -- /home/navi/.dotfiles/home/nvim/nvim.nix [1ms]
2024-07-16 00:32:51.526 [info] > git cat-file -s 905b13053ef3fb24bfad398a378b8b982bccacd7 [1ms]
2024-07-16 00:33:06.237 [info] > git show --textconv :home/nvim/plugin/telescope.lua [14ms]
2024-07-16 00:33:06.240 [info] > git ls-files --stage -- /home/navi/.dotfiles/home/nvim/plugin/telescope.lua [5ms]
2024-07-16 01:23:02.482 [info] > git show --textconv :home/nvim/nvim.nix [6ms]
2024-07-16 01:23:02.484 [info] > git ls-files --stage -- /home/navi/.dotfiles/home/nvim/nvim.nix [2ms]
2024-07-16 01:23:02.490 [info] > git cat-file -s 905b13053ef3fb24bfad398a378b8b982bccacd7 [2ms]
2024-07-16 01:23:25.073 [info] > git config --get commit.template [11ms]
2024-07-16 01:23:25.075 [info] > git for-each-ref --format=%(refname)%00%(upstream:short)%00%(objectname)%00%(upstream:track)%00%(upstream:remotename)%00%(upstream:remoteref) refs/heads/main refs/remotes/main [5ms]
2024-07-16 01:23:25.093 [info] > git status -z -uall [7ms]
2024-07-16 01:23:25.112 [info] > git for-each-ref --format=%(refname)%00%(upstream:short)%00%(objectname)%00%(upstream:track)%00%(upstream:remotename)%00%(upstream:remoteref) refs/heads/main refs/remotes/main [5ms]
2024-07-16 01:23:25.127 [info] > git config --local branch.main.vscode-merge-base [3ms]
2024-07-16 01:23:25.127 [warning] git config failed: Failed to execute git
2024-07-16 01:23:25.138 [info] > git reflog main --grep-reflog=branch: Created from *. [5ms]
2024-07-16 01:23:25.144 [info] > git symbolic-ref --short refs/remotes/origin/HEAD [2ms]
2024-07-16 01:23:25.144 [info] fatal: ref refs/remotes/origin/HEAD is not a symbolic ref
2024-07-16 01:23:25.160 [info] > git ls-files --stage -- /home/navi/.dotfiles/home/nvim/nvim.nix [1ms]
2024-07-16 01:23:25.167 [info] > git cat-file -s 69f88d6f2929a1156b152dc28d93011830a6c52c [2ms]
2024-07-16 01:23:25.175 [info] > git show --textconv :home/nvim/nvim.nix [2ms]
2024-07-16 01:23:37.514 [info] > git config --get commit.template [7ms]
2024-07-16 01:23:37.516 [info] > git for-each-ref --format=%(refname)%00%(upstream:short)%00%(objectname)%00%(upstream:track)%00%(upstream:remotename)%00%(upstream:remoteref) refs/heads/main refs/remotes/main [3ms]
2024-07-16 01:23:37.529 [info] > git status -z -uall [5ms]
2024-07-16 01:23:37.539 [info] > git for-each-ref --format=%(refname)%00%(upstream:short)%00%(objectname)%00%(upstream:track)%00%(upstream:remotename)%00%(upstream:remoteref) refs/heads/main refs/remotes/main [3ms]
2024-07-16 01:23:37.548 [info] > git config --local branch.main.vscode-merge-base [3ms]
2024-07-16 01:23:37.548 [warning] git config failed: Failed to execute git
2024-07-16 01:23:37.561 [info] > git reflog main --grep-reflog=branch: Created from *. [6ms]
2024-07-16 01:23:37.569 [info] > git symbolic-ref --short refs/remotes/origin/HEAD [3ms]
2024-07-16 01:23:37.569 [info] fatal: ref refs/remotes/origin/HEAD is not a symbolic ref
2024-07-16 01:24:17.239 [info] > git show --textconv :home/nvim/plugin/telescope.lua [14ms]
2024-07-16 01:24:17.243 [info] > git ls-files --stage -- /home/navi/.dotfiles/home/nvim/plugin/telescope.lua [5ms]
2024-07-16 01:24:17.253 [info] > git cat-file -s 35889432bd8b8feaeeaef329bbb9c992e7d6c494 [2ms]
2024-07-16 01:24:21.794 [info] > git show --textconv :home/nvim/nvim.nix [14ms]
2024-07-16 01:24:21.797 [info] > git ls-files --stage -- /home/navi/.dotfiles/home/nvim/nvim.nix [4ms]
2024-07-16 01:24:21.805 [info] > git cat-file -s 69f88d6f2929a1156b152dc28d93011830a6c52c [2ms]
2024-07-16 01:26:50.387 [info] > git show --textconv :home/nvim/plugin/telescope.lua [7ms]
2024-07-16 01:26:50.389 [info] > git ls-files --stage -- /home/navi/.dotfiles/home/nvim/plugin/telescope.lua [3ms]
2024-07-16 01:26:50.397 [info] > git cat-file -s 35889432bd8b8feaeeaef329bbb9c992e7d6c494 [2ms]
2024-07-16 01:27:23.593 [info] > git show --textconv :home/nvim/nvim.nix [11ms]
2024-07-16 01:27:23.594 [info] > git ls-files --stage -- /home/navi/.dotfiles/home/nvim/nvim.nix [2ms]
2024-07-16 01:27:23.602 [info] > git cat-file -s 69f88d6f2929a1156b152dc28d93011830a6c52c [2ms]
2024-07-16 01:27:33.924 [info] > git show --textconv :home/nvim/plugin/telescope.lua [6ms]
2024-07-16 01:27:33.925 [info] > git ls-files --stage -- /home/navi/.dotfiles/home/nvim/plugin/telescope.lua [2ms]
2024-07-16 01:27:33.933 [info] > git cat-file -s 35889432bd8b8feaeeaef329bbb9c992e7d6c494 [3ms]
2024-07-16 01:27:36.520 [info] > git show --textconv :home/nvim/nvim.nix [9ms]
2024-07-16 01:27:36.522 [info] > git ls-files --stage -- /home/navi/.dotfiles/home/nvim/nvim.nix [3ms]
2024-07-16 01:27:36.529 [info] > git cat-file -s 69f88d6f2929a1156b152dc28d93011830a6c52c [2ms]
2024-07-16 01:27:41.465 [info] > git show --textconv :home/nvim/plugin/telescope.lua [7ms]
2024-07-16 01:27:41.466 [info] > git ls-files --stage -- /home/navi/.dotfiles/home/nvim/plugin/telescope.lua [3ms]
2024-07-16 01:27:41.472 [info] > git cat-file -s 35889432bd8b8feaeeaef329bbb9c992e7d6c494 [2ms]
2024-07-16 01:27:48.103 [info] > git config --get commit.template [14ms]
2024-07-16 01:27:48.106 [info] > git for-each-ref --format=%(refname)%00%(upstream:short)%00%(objectname)%00%(upstream:track)%00%(upstream:remotename)%00%(upstream:remoteref) refs/heads/main refs/remotes/main [5ms]
2024-07-16 01:27:48.124 [info] > git status -z -uall [7ms]
2024-07-16 01:27:48.142 [info] > git for-each-ref --format=%(refname)%00%(upstream:short)%00%(objectname)%00%(upstream:track)%00%(upstream:remotename)%00%(upstream:remoteref) refs/heads/main refs/remotes/main [5ms]
2024-07-16 01:27:48.160 [info] > git config --local branch.main.vscode-merge-base [5ms]
2024-07-16 01:27:48.160 [warning] git config failed: Failed to execute git
2024-07-16 01:27:48.184 [info] > git reflog main --grep-reflog=branch: Created from *. [13ms]
2024-07-16 01:27:48.200 [info] > git symbolic-ref --short refs/remotes/origin/HEAD [4ms]
2024-07-16 01:27:48.201 [info] fatal: ref refs/remotes/origin/HEAD is not a symbolic ref
2024-07-16 01:27:53.155 [info] > git config --get commit.template [4ms]
2024-07-16 01:27:53.156 [info] > git for-each-ref --format=%(refname)%00%(upstream:short)%00%(objectname)%00%(upstream:track)%00%(upstream:remotename)%00%(upstream:remoteref) refs/heads/main refs/remotes/main [2ms]
2024-07-16 01:27:53.163 [info] > git status -z -uall [3ms]
2024-07-16 01:27:53.173 [info] > git for-each-ref --format=%(refname)%00%(upstream:short)%00%(objectname)%00%(upstream:track)%00%(upstream:remotename)%00%(upstream:remoteref) refs/heads/main refs/remotes/main [3ms]
2024-07-16 01:27:53.181 [info] > git config --local branch.main.vscode-merge-base [2ms]
2024-07-16 01:27:53.181 [warning] git config failed: Failed to execute git
2024-07-16 01:27:53.191 [info] > git reflog main --grep-reflog=branch: Created from *. [5ms]
2024-07-16 01:27:53.198 [info] > git symbolic-ref --short refs/remotes/origin/HEAD [2ms]
2024-07-16 01:27:53.198 [info] fatal: ref refs/remotes/origin/HEAD is not a symbolic ref
2024-07-16 01:28:13.375 [info] > git config --get commit.template [5ms]
2024-07-16 01:28:13.376 [info] > git for-each-ref --format=%(refname)%00%(upstream:short)%00%(objectname)%00%(upstream:track)%00%(upstream:remotename)%00%(upstream:remoteref) refs/heads/main refs/remotes/main [2ms]
2024-07-16 01:28:13.384 [info] > git status -z -uall [4ms]
2024-07-16 01:28:13.393 [info] > git for-each-ref --format=%(refname)%00%(upstream:short)%00%(objectname)%00%(upstream:track)%00%(upstream:remotename)%00%(upstream:remoteref) refs/heads/main refs/remotes/main [3ms]
2024-07-16 01:28:13.401 [info] > git config --local branch.main.vscode-merge-base [2ms]
2024-07-16 01:28:13.401 [warning] git config failed: Failed to execute git
2024-07-16 01:28:13.414 [info] > git reflog main --grep-reflog=branch: Created from *. [7ms]
2024-07-16 01:28:13.422 [info] > git symbolic-ref --short refs/remotes/origin/HEAD [2ms]
2024-07-16 01:28:13.422 [info] fatal: ref refs/remotes/origin/HEAD is not a symbolic ref
2024-07-16 01:28:19.835 [info] > git show --textconv :home/nvim/nvim.nix [8ms]
2024-07-16 01:28:19.837 [info] > git ls-files --stage -- /home/navi/.dotfiles/home/nvim/nvim.nix [3ms]
2024-07-16 01:28:19.846 [info] > git cat-file -s 69f88d6f2929a1156b152dc28d93011830a6c52c [3ms]
2024-07-16 01:28:32.733 [info] > git config --get commit.template [14ms]
2024-07-16 01:28:32.736 [info] > git for-each-ref --format=%(refname)%00%(upstream:short)%00%(objectname)%00%(upstream:track)%00%(upstream:remotename)%00%(upstream:remoteref) refs/heads/main refs/remotes/main [4ms]
2024-07-16 01:28:32.755 [info] > git status -z -uall [8ms]
2024-07-16 01:28:32.775 [info] > git for-each-ref --format=%(refname)%00%(upstream:short)%00%(objectname)%00%(upstream:track)%00%(upstream:remotename)%00%(upstream:remoteref) refs/heads/main refs/remotes/main [6ms]
2024-07-16 01:28:32.790 [info] > git config --local branch.main.vscode-merge-base [3ms]
2024-07-16 01:28:32.790 [warning] git config failed: Failed to execute git
2024-07-16 01:28:32.801 [info] > git reflog main --grep-reflog=branch: Created from *. [5ms]
2024-07-16 01:28:32.807 [info] > git symbolic-ref --short refs/remotes/origin/HEAD [2ms]
2024-07-16 01:28:32.807 [info] fatal: ref refs/remotes/origin/HEAD is not a symbolic ref
2024-07-16 01:28:44.619 [info] > git config --get commit.template [13ms]
2024-07-16 01:28:44.622 [info] > git for-each-ref --format=%(refname)%00%(upstream:short)%00%(objectname)%00%(upstream:track)%00%(upstream:remotename)%00%(upstream:remoteref) refs/heads/main refs/remotes/main [5ms]
2024-07-16 01:28:44.641 [info] > git status -z -uall [7ms]
2024-07-16 01:28:44.660 [info] > git for-each-ref --format=%(refname)%00%(upstream:short)%00%(objectname)%00%(upstream:track)%00%(upstream:remotename)%00%(upstream:remoteref) refs/heads/main refs/remotes/main [7ms]
2024-07-16 01:28:44.672 [info] > git config --local branch.main.vscode-merge-base [2ms]
2024-07-16 01:28:44.672 [warning] git config failed: Failed to execute git
2024-07-16 01:28:44.685 [info] > git reflog main --grep-reflog=branch: Created from *. [5ms]
2024-07-16 01:28:44.692 [info] > git symbolic-ref --short refs/remotes/origin/HEAD [2ms]
2024-07-16 01:28:44.692 [info] fatal: ref refs/remotes/origin/HEAD is not a symbolic ref
2024-07-16 01:41:29.254 [info] > git show --textconv :nvim/lua/core/plugin_config/nvim-tree.lua [15ms]
2024-07-16 01:41:29.256 [info] > git ls-files --stage -- /home/navi/.dotfiles/nvim/lua/core/plugin_config/nvim-tree.lua [3ms]
2024-07-16 01:41:29.266 [info] > git cat-file -s 79d861e888014b137ea7d4544a746ec897e67df7 [3ms]
2024-07-16 01:41:38.055 [info] > git show --textconv :home/nvim/plugin/telescope.lua [8ms]
2024-07-16 01:41:38.057 [info] > git ls-files --stage -- /home/navi/.dotfiles/home/nvim/plugin/telescope.lua [2ms]
2024-07-16 01:41:38.066 [info] > git cat-file -s 35889432bd8b8feaeeaef329bbb9c992e7d6c494 [2ms]
2024-07-16 01:41:38.617 [info] > git show --textconv :home/nvim/nvim.nix [6ms]
2024-07-16 01:41:38.618 [info] > git ls-files --stage -- /home/navi/.dotfiles/home/nvim/nvim.nix [2ms]
2024-07-16 01:41:38.624 [info] > git cat-file -s 69f88d6f2929a1156b152dc28d93011830a6c52c [2ms]
2024-07-16 01:43:54.998 [info] > git config --get commit.template [14ms]
2024-07-16 01:43:55.002 [info] > git for-each-ref --format=%(refname)%00%(upstream:short)%00%(objectname)%00%(upstream:track)%00%(upstream:remotename)%00%(upstream:remoteref) refs/heads/main refs/remotes/main [4ms]
2024-07-16 01:43:55.020 [info] > git status -z -uall [7ms]
2024-07-16 01:43:55.039 [info] > git for-each-ref --format=%(refname)%00%(upstream:short)%00%(objectname)%00%(upstream:track)%00%(upstream:remotename)%00%(upstream:remoteref) refs/heads/main refs/remotes/main [5ms]
2024-07-16 01:43:55.053 [info] > git config --local branch.main.vscode-merge-base [3ms]
2024-07-16 01:43:55.053 [warning] git config failed: Failed to execute git
2024-07-16 01:43:55.065 [info] > git reflog main --grep-reflog=branch: Created from *. [5ms]
2024-07-16 01:43:55.071 [info] > git symbolic-ref --short refs/remotes/origin/HEAD [1ms]
2024-07-16 01:43:55.072 [info] fatal: ref refs/remotes/origin/HEAD is not a symbolic ref
2024-07-16 01:44:04.676 [info] > git config --get commit.template [14ms]
2024-07-16 01:44:04.680 [info] > git for-each-ref --format=%(refname)%00%(upstream:short)%00%(objectname)%00%(upstream:track)%00%(upstream:remotename)%00%(upstream:remoteref) refs/heads/main refs/remotes/main [4ms]
2024-07-16 01:44:04.698 [info] > git status -z -uall [7ms]
2024-07-16 01:44:04.710 [info] > git for-each-ref --format=%(refname)%00%(upstream:short)%00%(objectname)%00%(upstream:track)%00%(upstream:remotename)%00%(upstream:remoteref) refs/heads/main refs/remotes/main [4ms]
2024-07-16 01:44:04.722 [info] > git config --local branch.main.vscode-merge-base [3ms]
2024-07-16 01:44:04.722 [warning] git config failed: Failed to execute git
2024-07-16 01:44:04.735 [info] > git reflog main --grep-reflog=branch: Created from *. [6ms]
2024-07-16 01:44:04.744 [info] > git symbolic-ref --short refs/remotes/origin/HEAD [2ms]
2024-07-16 01:44:04.745 [info] fatal: ref refs/remotes/origin/HEAD is not a symbolic ref
2024-07-16 01:44:14.796 [info] > git show --textconv :home/nvim/plugin/nvim-tree.lua [15ms]
2024-07-16 01:44:14.799 [info] > git ls-files --stage -- /home/navi/.dotfiles/home/nvim/plugin/nvim-tree.lua [5ms]
2024-07-16 01:44:15.034 [info] > git check-ignore -v -z --stdin [5ms]
2024-07-16 01:44:15.637 [info] > git config --get commit.template [14ms]
2024-07-16 01:44:15.641 [info] > git for-each-ref --format=%(refname)%00%(upstream:short)%00%(objectname)%00%(upstream:track)%00%(upstream:remotename)%00%(upstream:remoteref) refs/heads/main refs/remotes/main [6ms]
2024-07-16 01:44:15.660 [info] > git status -z -uall [8ms]
2024-07-16 01:44:15.680 [info] > git for-each-ref --format=%(refname)%00%(upstream:short)%00%(objectname)%00%(upstream:track)%00%(upstream:remotename)%00%(upstream:remoteref) refs/heads/main refs/remotes/main [6ms]
2024-07-16 01:44:15.692 [info] > git config --local branch.main.vscode-merge-base [3ms]
2024-07-16 01:44:15.692 [warning] git config failed: Failed to execute git
2024-07-16 01:44:15.710 [info] > git reflog main --grep-reflog=branch: Created from *. [11ms]
2024-07-16 01:44:15.720 [info] > git symbolic-ref --short refs/remotes/origin/HEAD [3ms]
2024-07-16 01:44:15.720 [info] fatal: ref refs/remotes/origin/HEAD is not a symbolic ref
2024-07-16 01:46:43.791 [info] > git config --get commit.template [14ms]
2024-07-16 01:46:43.794 [info] > git for-each-ref --format=%(refname)%00%(upstream:short)%00%(objectname)%00%(upstream:track)%00%(upstream:remotename)%00%(upstream:remoteref) refs/heads/main refs/remotes/main [5ms]
2024-07-16 01:46:43.812 [info] > git status -z -uall [7ms]
2024-07-16 01:46:43.829 [info] > git for-each-ref --format=%(refname)%00%(upstream:short)%00%(objectname)%00%(upstream:track)%00%(upstream:remotename)%00%(upstream:remoteref) refs/heads/main refs/remotes/main [3ms]
2024-07-16 01:46:43.837 [info] > git config --local branch.main.vscode-merge-base [2ms]
2024-07-16 01:46:43.837 [warning] git config failed: Failed to execute git
2024-07-16 01:46:43.846 [info] > git reflog main --grep-reflog=branch: Created from *. [4ms]
2024-07-16 01:46:43.851 [info] > git symbolic-ref --short refs/remotes/origin/HEAD [1ms]
2024-07-16 01:46:43.852 [info] fatal: ref refs/remotes/origin/HEAD is not a symbolic ref
2024-07-16 01:46:43.875 [info] > git ls-files --stage -- /home/navi/.dotfiles/home/nvim/plugin/nvim-tree.lua [3ms]
2024-07-16 01:46:43.886 [info] > git cat-file -s 79d861e888014b137ea7d4544a746ec897e67df7 [5ms]
2024-07-16 01:46:43.896 [info] > git show --textconv :home/nvim/plugin/nvim-tree.lua [2ms]
2024-07-16 01:47:00.919 [info] > git show --textconv :home/nvim/nvim.nix [7ms]
2024-07-16 01:47:00.922 [info] > git ls-files --stage -- /home/navi/.dotfiles/home/nvim/nvim.nix [3ms]
2024-07-16 01:47:00.931 [info] > git cat-file -s ee9ddbc8a58b082e8edbd3caa1f931943357cc3d [2ms]
2024-07-16 01:47:31.586 [info] > git config --get commit.template [16ms]
2024-07-16 01:47:31.587 [info] > git for-each-ref --format=%(refname)%00%(upstream:short)%00%(objectname)%00%(upstream:track)%00%(upstream:remotename)%00%(upstream:remoteref) refs/heads/main refs/remotes/main [4ms]
2024-07-16 01:47:31.607 [info] > git status -z -uall [8ms]
2024-07-16 01:47:31.621 [info] > git for-each-ref --format=%(refname)%00%(upstream:short)%00%(objectname)%00%(upstream:track)%00%(upstream:remotename)%00%(upstream:remoteref) refs/heads/main refs/remotes/main [4ms]
2024-07-16 01:47:31.630 [info] > git config --local branch.main.vscode-merge-base [2ms]
2024-07-16 01:47:31.630 [warning] git config failed: Failed to execute git
2024-07-16 01:47:31.641 [info] > git reflog main --grep-reflog=branch: Created from *. [5ms]
2024-07-16 01:47:31.650 [info] > git symbolic-ref --short refs/remotes/origin/HEAD [3ms]
2024-07-16 01:47:31.650 [info] fatal: ref refs/remotes/origin/HEAD is not a symbolic ref
