2024-07-16 01:48:45.894 [info] Log level: Info
2024-07-16 01:48:45.894 [info] Validating found git in: "git"
2024-07-16 01:48:45.894 [info] Using git "2.45.2" from "git"
2024-07-16 01:48:45.894 [info] > git rev-parse --show-toplevel [5ms]
2024-07-16 01:48:45.894 [info] > git rev-parse --git-dir --git-common-dir [2ms]
2024-07-16 01:48:45.894 [info] Open repository: /home/navi/.dotfiles
2024-07-16 01:48:45.902 [info] > git config --get commit.template [4ms]
2024-07-16 01:48:45.904 [info] > git rev-parse --show-toplevel [3ms]
2024-07-16 01:48:45.913 [info] > git for-each-ref --format=%(refname)%00%(upstream:short)%00%(objectname)%00%(upstream:track)%00%(upstream:remotename)%00%(upstream:remoteref) refs/heads/main refs/remotes/main [5ms]
2024-07-16 01:48:45.932 [info] > git status -z -uall [15ms]
2024-07-16 01:48:45.943 [info] > git rev-parse --show-toplevel [31ms]
2024-07-16 01:48:45.965 [info] > git for-each-ref --format=%(refname)%00%(upstream:short)%00%(objectname)%00%(upstream:track)%00%(upstream:remotename)%00%(upstream:remoteref) refs/heads/main refs/remotes/main [28ms]
2024-07-16 01:48:45.996 [info] > git config --local branch.main.vscode-merge-base [20ms]
2024-07-16 01:48:45.996 [warning] git config failed: Failed to execute git
2024-07-16 01:48:46.000 [info] > git rev-parse --show-toplevel [36ms]
2024-07-16 01:48:46.000 [info] > git config --get commit.template [42ms]
2024-07-16 01:48:46.036 [info] > git reflog main --grep-reflog=branch: Created from *. [36ms]
2024-07-16 01:48:46.044 [info] > git rev-parse --show-toplevel [9ms]
2024-07-16 01:48:46.048 [info] > git for-each-ref --format=%(refname)%00%(upstream:short)%00%(objectname)%00%(upstream:track)%00%(upstream:remotename)%00%(upstream:remoteref) refs/heads/main refs/remotes/main [4ms]
2024-07-16 01:48:46.051 [info] > git symbolic-ref --short refs/remotes/origin/HEAD [10ms]
2024-07-16 01:48:46.051 [info] fatal: ref refs/remotes/origin/HEAD is not a symbolic ref
2024-07-16 01:48:46.053 [info] > git status -z -uall [2ms]
2024-07-16 01:48:46.061 [info] > git for-each-ref --format=%(refname)%00%(upstream:short)%00%(objectname)%00%(upstream:track)%00%(upstream:remotename)%00%(upstream:remoteref) refs/heads/main refs/remotes/main [3ms]
2024-07-16 01:48:46.080 [info] > git config --local branch.main.vscode-merge-base [16ms]
2024-07-16 01:48:46.080 [warning] git config failed: Failed to execute git
2024-07-16 01:48:46.093 [info] > git reflog main --grep-reflog=branch: Created from *. [9ms]
2024-07-16 01:48:46.098 [info] > git symbolic-ref --short refs/remotes/origin/HEAD [1ms]
2024-07-16 01:48:46.098 [info] fatal: ref refs/remotes/origin/HEAD is not a symbolic ref
2024-07-16 01:48:46.485 [info] > git check-ignore -v -z --stdin [2ms]
2024-07-16 01:48:46.610 [info] > git ls-files --stage -- /home/navi/.dotfiles/home/nvim/nvim.nix [1ms]
2024-07-16 01:48:46.614 [info] > git show --textconv :home/nvim/nvim.nix [9ms]
2024-07-16 01:48:46.615 [info] > git cat-file -s ee9ddbc8a58b082e8edbd3caa1f931943357cc3d [1ms]
2024-07-16 01:49:05.775 [info] > git config --get commit.template [7ms]
2024-07-16 01:49:05.777 [info] > git for-each-ref --format=%(refname)%00%(upstream:short)%00%(objectname)%00%(upstream:track)%00%(upstream:remotename)%00%(upstream:remoteref) refs/heads/main refs/remotes/main [4ms]
2024-07-16 01:49:05.782 [info] > git status -z -uall [2ms]
2024-07-16 01:49:05.787 [info] > git for-each-ref --format=%(refname)%00%(upstream:short)%00%(objectname)%00%(upstream:track)%00%(upstream:remotename)%00%(upstream:remoteref) refs/heads/main refs/remotes/main [2ms]
2024-07-16 01:49:05.792 [info] > git config --local branch.main.vscode-merge-base [1ms]
2024-07-16 01:49:05.792 [warning] git config failed: Failed to execute git
2024-07-16 01:49:05.798 [info] > git reflog main --grep-reflog=branch: Created from *. [3ms]
2024-07-16 01:49:05.801 [info] > git symbolic-ref --short refs/remotes/origin/HEAD [1ms]
2024-07-16 01:49:05.801 [info] fatal: ref refs/remotes/origin/HEAD is not a symbolic ref
2024-07-16 01:49:30.795 [info] > git check-ignore -v -z --stdin [4ms]
2024-07-16 01:51:03.666 [info] > git show --textconv :flake.nix [5ms]
2024-07-16 01:51:03.668 [info] > git ls-files --stage -- /home/navi/.dotfiles/flake.nix [2ms]
2024-07-16 01:51:03.673 [info] > git cat-file -s b561540b3ee5402b6606e1aeffe96727afff3c70 [1ms]
2024-07-16 01:51:06.577 [info] > git config --get commit.template [13ms]
2024-07-16 01:51:06.578 [info] > git for-each-ref --format=%(refname)%00%(upstream:short)%00%(objectname)%00%(upstream:track)%00%(upstream:remotename)%00%(upstream:remoteref) refs/heads/main refs/remotes/main [5ms]
2024-07-16 01:51:06.596 [info] > git status -z -uall [7ms]
2024-07-16 01:51:06.614 [info] > git for-each-ref --format=%(refname)%00%(upstream:short)%00%(objectname)%00%(upstream:track)%00%(upstream:remotename)%00%(upstream:remoteref) refs/heads/main refs/remotes/main [7ms]
2024-07-16 01:51:06.623 [info] > git config --local branch.main.vscode-merge-base [2ms]
2024-07-16 01:51:06.624 [warning] git config failed: Failed to execute git
2024-07-16 01:51:06.632 [info] > git reflog main --grep-reflog=branch: Created from *. [4ms]
2024-07-16 01:51:06.637 [info] > git symbolic-ref --short refs/remotes/origin/HEAD [1ms]
2024-07-16 01:51:06.637 [info] fatal: ref refs/remotes/origin/HEAD is not a symbolic ref
