2024-07-14 17:39:01.309 [info] Log level: Info
2024-07-14 17:39:01.309 [info] Validating found git in: "git"
2024-07-14 17:39:01.309 [info] Using git "2.45.2" from "git"
2024-07-14 17:39:01.309 [info] > git rev-parse --show-toplevel [12ms]
2024-07-14 17:39:01.309 [info] > git rev-parse --git-dir --git-common-dir [6ms]
2024-07-14 17:39:01.309 [info] Open repository: /home/navi/Uni/oop4sc
2024-07-14 17:39:01.309 [info] > git config --get commit.template [5ms]
2024-07-14 17:39:01.310 [info] > git rev-parse --show-toplevel [2ms]
2024-07-14 17:39:01.317 [info] > git for-each-ref --format=%(refname)%00%(upstream:short)%00%(objectname)%00%(upstream:track)%00%(upstream:remotename)%00%(upstream:remoteref) refs/heads/master refs/remotes/master [2ms]
2024-07-14 17:39:01.332 [info] > git rev-parse --show-toplevel [11ms]
2024-07-14 17:39:01.345 [info] > git rev-parse --show-toplevel [7ms]
2024-07-14 17:39:01.350 [info] > git status -z -uall [7ms]
2024-07-14 17:39:01.368 [info] > git for-each-ref --format=%(refname)%00%(upstream:short)%00%(objectname)%00%(upstream:track)%00%(upstream:remotename)%00%(upstream:remoteref) refs/heads/master refs/remotes/master [11ms]
2024-07-14 17:39:01.374 [info] > git rev-parse --show-toplevel [24ms]
2024-07-14 17:39:01.396 [info] > git config --local branch.master.vscode-merge-base [22ms]
2024-07-14 17:39:01.396 [warning] git config failed: Failed to execute git
2024-07-14 17:39:01.403 [info] > git config --get commit.template [35ms]
2024-07-14 17:39:01.409 [info] > git reflog master --grep-reflog=branch: Created from *. [7ms]
2024-07-14 17:39:01.414 [info] > git rev-parse --show-toplevel [19ms]
2024-07-14 17:39:01.425 [info] > git symbolic-ref --short refs/remotes/origin/HEAD [11ms]
2024-07-14 17:39:01.429 [info] > git rev-parse --show-toplevel [5ms]
2024-07-14 17:39:01.430 [info] > git for-each-ref --format=%(refname)%00%(upstream:short)%00%(objectname)%00%(upstream:track)%00%(upstream:remotename)%00%(upstream:remoteref) refs/heads/master refs/remotes/master [10ms]
2024-07-14 17:39:01.436 [info] > git for-each-ref --format=%(refname)%00%(upstream:short)%00%(objectname)%00%(upstream:track)%00%(upstream:remotename)%00%(upstream:remoteref) refs/heads/origin/master refs/remotes/origin/master [7ms]
2024-07-14 17:39:01.442 [info] > git rev-parse --show-toplevel [7ms]
2024-07-14 17:39:01.448 [info] > git config --local branch.master.vscode-merge-base origin/master [6ms]
2024-07-14 17:39:01.457 [info] > git rev-parse --show-toplevel [10ms]
2024-07-14 17:39:01.463 [info] > git config --get commit.template [6ms]
2024-07-14 17:39:01.469 [info] > git rev-parse --show-toplevel [7ms]
2024-07-14 17:39:01.476 [info] > git for-each-ref --format=%(refname)%00%(upstream:short)%00%(objectname)%00%(upstream:track)%00%(upstream:remotename)%00%(upstream:remoteref) refs/heads/master refs/remotes/master [8ms]
2024-07-14 17:39:01.478 [info] > git rev-parse --show-toplevel [3ms]
2024-07-14 17:39:01.492 [info] > git rev-parse --show-toplevel [7ms]
2024-07-14 17:39:01.504 [info] > git status -z -uall [13ms]
2024-07-14 17:39:01.518 [info] > git for-each-ref --format=%(refname)%00%(upstream:short)%00%(objectname)%00%(upstream:track)%00%(upstream:remotename)%00%(upstream:remoteref) refs/heads/master refs/remotes/master [8ms]
2024-07-14 17:39:01.524 [info] > git rev-parse --show-toplevel [20ms]
2024-07-14 17:39:01.531 [info] > git config --local branch.master.vscode-merge-base [7ms]
2024-07-14 17:39:01.537 [info] > git merge-base refs/heads/master refs/remotes/origin/master [20ms]
2024-07-14 17:39:01.544 [info] > git for-each-ref --format=%(refname)%00%(upstream:short)%00%(objectname)%00%(upstream:track)%00%(upstream:remotename)%00%(upstream:remoteref) refs/heads/origin/master refs/remotes/origin/master [7ms]
2024-07-14 17:39:01.545 [info] > git rev-parse --git-dir --git-common-dir [15ms]
2024-07-14 17:39:01.551 [info] Open repository: /home/navi/Uni/oop4sc/googletest
2024-07-14 17:39:01.569 [info] > git rev-list --count --left-right refs/heads/master...refs/remotes/origin/master [25ms]
2024-07-14 17:39:01.578 [info] > git diff --name-status -z --diff-filter=ADMR a57b132668cd6f8289b08a82c3218a5a14864c97...refs/remotes/origin/master [3ms]
2024-07-14 17:39:01.578 [info] > git config --get commit.template [13ms]
2024-07-14 17:39:01.586 [info] > git for-each-ref --format=%(refname)%00%(upstream:short)%00%(objectname)%00%(upstream:track)%00%(upstream:remotename)%00%(upstream:remoteref) refs/heads/main refs/remotes/main [3ms]
2024-07-14 17:39:01.593 [warning] ENOENT: no such file or directory, open '/home/navi/Uni/oop4sc/.git/modules/googletest/refs/remotes/origin/main'
2024-07-14 17:39:01.595 [info] > git rev-parse refs/remotes/origin/main [2ms]
2024-07-14 17:39:01.622 [info] > git status -z -uall [21ms]
2024-07-14 17:39:01.639 [info] > git for-each-ref --format=%(refname)%00%(upstream:short)%00%(objectname)%00%(upstream:track)%00%(upstream:remotename)%00%(upstream:remoteref) refs/heads/main refs/remotes/main [11ms]
2024-07-14 17:39:01.648 [info] > git config --get commit.template [9ms]
2024-07-14 17:39:01.649 [info] > git config --local branch.main.vscode-merge-base [2ms]
2024-07-14 17:39:01.649 [warning] git config failed: Failed to execute git
2024-07-14 17:39:01.676 [info] > git reflog main --grep-reflog=branch: Created from *. [21ms]
2024-07-14 17:39:01.681 [info] > git for-each-ref --format=%(refname)%00%(upstream:short)%00%(objectname)%00%(upstream:track)%00%(upstream:remotename)%00%(upstream:remoteref) refs/heads/main refs/remotes/main [22ms]
2024-07-14 17:39:01.692 [warning] ENOENT: no such file or directory, open '/home/navi/Uni/oop4sc/.git/modules/googletest/refs/remotes/origin/main'
2024-07-14 17:39:01.692 [info] > git symbolic-ref --short refs/remotes/origin/HEAD [11ms]
2024-07-14 17:39:01.696 [info] > git rev-parse refs/remotes/origin/main [4ms]
2024-07-14 17:39:01.700 [info] > git for-each-ref --format=%(refname)%00%(upstream:short)%00%(objectname)%00%(upstream:track)%00%(upstream:remotename)%00%(upstream:remoteref) refs/heads/origin/main refs/remotes/origin/main [4ms]
2024-07-14 17:39:01.705 [info] > git status -z -uall [5ms]
2024-07-14 17:39:01.711 [info] > git for-each-ref --format=%(refname)%00%(upstream:short)%00%(objectname)%00%(upstream:track)%00%(upstream:remotename)%00%(upstream:remoteref) refs/heads/main refs/remotes/main [2ms]
2024-07-14 17:39:01.714 [info] > git config --local branch.main.vscode-merge-base origin/main [10ms]
2024-07-14 17:39:01.722 [info] > git config --local branch.main.vscode-merge-base [8ms]
2024-07-14 17:39:01.729 [info] > git config --get commit.template [8ms]
2024-07-14 17:39:01.729 [info] > git for-each-ref --format=%(refname)%00%(upstream:short)%00%(objectname)%00%(upstream:track)%00%(upstream:remotename)%00%(upstream:remoteref) refs/heads/origin/main refs/remotes/origin/main [1ms]
2024-07-14 17:39:01.759 [info] > git merge-base refs/heads/main refs/remotes/origin/main [25ms]
2024-07-14 17:39:01.764 [info] > git for-each-ref --format=%(refname)%00%(upstream:short)%00%(objectname)%00%(upstream:track)%00%(upstream:remotename)%00%(upstream:remoteref) refs/heads/main refs/remotes/main [5ms]
2024-07-14 17:39:01.768 [warning] ENOENT: no such file or directory, open '/home/navi/Uni/oop4sc/.git/modules/googletest/refs/remotes/origin/main'
2024-07-14 17:39:01.769 [info] > git rev-list --count --left-right refs/heads/main...refs/remotes/origin/main [5ms]
2024-07-14 17:39:01.775 [info] > git rev-parse refs/remotes/origin/main [7ms]
2024-07-14 17:39:01.781 [info] > git diff --name-status -z --diff-filter=ADMR 1d17ea141d2c11b8917d2c7d029f1c4e2b9769b2...refs/remotes/origin/main [8ms]
2024-07-14 17:39:01.782 [info] > git status -z -uall [3ms]
2024-07-14 17:39:01.790 [info] > git for-each-ref --format=%(refname)%00%(upstream:short)%00%(objectname)%00%(upstream:track)%00%(upstream:remotename)%00%(upstream:remoteref) refs/heads/main refs/remotes/main [2ms]
2024-07-14 17:39:01.796 [info] > git config --local branch.main.vscode-merge-base [1ms]
2024-07-14 17:39:01.814 [info] > git for-each-ref --format=%(refname)%00%(upstream:short)%00%(objectname)%00%(upstream:track)%00%(upstream:remotename)%00%(upstream:remoteref) refs/heads/origin/main refs/remotes/origin/main [13ms]
2024-07-14 17:39:02.033 [info] > git show --textconv :Sheet08/exercise01/CRTPTest.cpp [6ms]
2024-07-14 17:39:02.034 [info] > git ls-files --stage -- /home/navi/Uni/oop4sc/Sheet08/exercise01/CRTPTest.cpp [2ms]
2024-07-14 17:39:02.041 [info] > git cat-file -s 794ac8b6efc2229915a9227dba11db80b2982e5d [2ms]
2024-07-14 17:39:02.119 [info] > git check-ignore -v -z --stdin [9ms]
2024-07-14 17:39:02.120 [info] > git check-ignore -v -z --stdin [5ms]
2024-07-14 17:39:03.592 [info] > git config --get commit.template [4ms]
2024-07-14 17:39:03.593 [info] > git for-each-ref --format=%(refname)%00%(upstream:short)%00%(objectname)%00%(upstream:track)%00%(upstream:remotename)%00%(upstream:remoteref) refs/heads/main refs/remotes/main [1ms]
2024-07-14 17:39:03.597 [warning] ENOENT: no such file or directory, open '/home/navi/Uni/oop4sc/.git/modules/googletest/refs/remotes/origin/main'
2024-07-14 17:39:03.598 [info] > git rev-parse refs/remotes/origin/main [1ms]
2024-07-14 17:39:03.605 [info] > git status -z -uall [3ms]
2024-07-14 17:39:03.611 [info] > git for-each-ref --format=%(refname)%00%(upstream:short)%00%(objectname)%00%(upstream:track)%00%(upstream:remotename)%00%(upstream:remoteref) refs/heads/main refs/remotes/main [2ms]
2024-07-14 17:39:03.615 [info] > git config --local branch.main.vscode-merge-base [1ms]
2024-07-14 17:39:03.621 [info] > git for-each-ref --format=%(refname)%00%(upstream:short)%00%(objectname)%00%(upstream:track)%00%(upstream:remotename)%00%(upstream:remoteref) refs/heads/origin/main refs/remotes/origin/main [1ms]
2024-07-14 17:39:11.681 [info] > git show --textconv :Sheet08/exercise01/CRTPTest.cpp [11ms]
2024-07-14 17:39:11.683 [info] > git ls-files --stage -- /home/navi/Uni/oop4sc/Sheet08/exercise01/CRTPTest.cpp [2ms]
2024-07-14 17:39:11.690 [info] > git cat-file -s 794ac8b6efc2229915a9227dba11db80b2982e5d [2ms]
2024-07-14 17:39:19.920 [info] > git check-ignore -v -z --stdin [4ms]
2024-07-14 17:40:09.085 [info] > git show --textconv :Sheet09/exercise01/Simpson.cpp [17ms]
2024-07-14 17:40:09.089 [info] > git ls-files --stage -- /home/navi/Uni/oop4sc/Sheet09/exercise01/Simpson.cpp [7ms]
2024-07-14 17:40:09.101 [info] > git cat-file -s d949f8344ea0e17cfc28f56bb28103fb30139c10 [3ms]
2024-07-14 17:53:45.558 [info] > git config --get commit.template [6ms]
2024-07-14 17:53:45.559 [info] > git for-each-ref --format=%(refname)%00%(upstream:short)%00%(objectname)%00%(upstream:track)%00%(upstream:remotename)%00%(upstream:remoteref) refs/heads/master refs/remotes/master [2ms]
2024-07-14 17:53:45.570 [info] > git status -z -uall [5ms]
2024-07-14 17:53:45.576 [info] > git for-each-ref --format=%(refname)%00%(upstream:short)%00%(objectname)%00%(upstream:track)%00%(upstream:remotename)%00%(upstream:remoteref) refs/heads/master refs/remotes/master [1ms]
2024-07-14 17:53:45.584 [info] > git config --local branch.master.vscode-merge-base [1ms]
2024-07-14 17:53:45.590 [info] > git for-each-ref --format=%(refname)%00%(upstream:short)%00%(objectname)%00%(upstream:track)%00%(upstream:remotename)%00%(upstream:remoteref) refs/heads/origin/master refs/remotes/origin/master [2ms]
2024-07-14 17:58:21.135 [info] > git config --get commit.template [3ms]
2024-07-14 17:58:21.145 [info] > git for-each-ref --format=%(refname)%00%(upstream:short)%00%(objectname)%00%(upstream:track)%00%(upstream:remotename)%00%(upstream:remoteref) refs/heads/master refs/remotes/master [2ms]
2024-07-14 17:58:21.162 [info] > git status -z -uall [10ms]
2024-07-14 17:58:21.175 [info] > git for-each-ref --format=%(refname)%00%(upstream:short)%00%(objectname)%00%(upstream:track)%00%(upstream:remotename)%00%(upstream:remoteref) refs/heads/master refs/remotes/master [3ms]
2024-07-14 17:58:21.183 [info] > git config --local branch.master.vscode-merge-base [2ms]
2024-07-14 17:58:21.192 [info] > git for-each-ref --format=%(refname)%00%(upstream:short)%00%(objectname)%00%(upstream:track)%00%(upstream:remotename)%00%(upstream:remoteref) refs/heads/origin/master refs/remotes/origin/master [1ms]
2024-07-14 17:58:53.285 [info] > git config --get commit.template [16ms]
2024-07-14 17:58:53.288 [info] > git for-each-ref --format=%(refname)%00%(upstream:short)%00%(objectname)%00%(upstream:track)%00%(upstream:remotename)%00%(upstream:remoteref) refs/heads/master refs/remotes/master [5ms]
2024-07-14 17:58:53.319 [info] > git status -z -uall [18ms]
2024-07-14 17:58:53.342 [info] > git for-each-ref --format=%(refname)%00%(upstream:short)%00%(objectname)%00%(upstream:track)%00%(upstream:remotename)%00%(upstream:remoteref) refs/heads/master refs/remotes/master [6ms]
2024-07-14 17:58:53.359 [info] > git config --local branch.master.vscode-merge-base [4ms]
2024-07-14 17:58:53.371 [info] > git for-each-ref --format=%(refname)%00%(upstream:short)%00%(objectname)%00%(upstream:track)%00%(upstream:remotename)%00%(upstream:remoteref) refs/heads/origin/master refs/remotes/origin/master [2ms]
2024-07-14 17:59:04.184 [info] > git config --get commit.template [6ms]
2024-07-14 17:59:04.185 [info] > git for-each-ref --format=%(refname)%00%(upstream:short)%00%(objectname)%00%(upstream:track)%00%(upstream:remotename)%00%(upstream:remoteref) refs/heads/master refs/remotes/master [2ms]
2024-07-14 17:59:04.197 [info] > git status -z -uall [7ms]
2024-07-14 17:59:04.205 [info] > git for-each-ref --format=%(refname)%00%(upstream:short)%00%(objectname)%00%(upstream:track)%00%(upstream:remotename)%00%(upstream:remoteref) refs/heads/master refs/remotes/master [2ms]
2024-07-14 17:59:04.213 [info] > git config --local branch.master.vscode-merge-base [2ms]
2024-07-14 17:59:04.221 [info] > git for-each-ref --format=%(refname)%00%(upstream:short)%00%(objectname)%00%(upstream:track)%00%(upstream:remotename)%00%(upstream:remoteref) refs/heads/origin/master refs/remotes/origin/master [2ms]
2024-07-14 17:59:13.675 [info] > git config --get commit.template [6ms]
2024-07-14 17:59:13.677 [info] > git for-each-ref --format=%(refname)%00%(upstream:short)%00%(objectname)%00%(upstream:track)%00%(upstream:remotename)%00%(upstream:remoteref) refs/heads/master refs/remotes/master [3ms]
2024-07-14 17:59:13.690 [info] > git status -z -uall [6ms]
2024-07-14 17:59:13.697 [info] > git for-each-ref --format=%(refname)%00%(upstream:short)%00%(objectname)%00%(upstream:track)%00%(upstream:remotename)%00%(upstream:remoteref) refs/heads/master refs/remotes/master [2ms]
2024-07-14 17:59:13.702 [info] > git config --local branch.master.vscode-merge-base [1ms]
2024-07-14 17:59:13.706 [info] > git for-each-ref --format=%(refname)%00%(upstream:short)%00%(objectname)%00%(upstream:track)%00%(upstream:remotename)%00%(upstream:remoteref) refs/heads/origin/master refs/remotes/origin/master [1ms]
2024-07-14 17:59:22.754 [info] > git show --textconv :Sheet09/exercise01/Simpson.h [18ms]
2024-07-14 17:59:22.757 [info] > git ls-files --stage -- /home/navi/Uni/oop4sc/Sheet09/exercise01/Simpson.h [5ms]
2024-07-14 17:59:22.770 [info] > git cat-file -s c0463d384c2a46ac25111451ce70dc6d47899226 [2ms]
2024-07-14 17:59:27.452 [info] > git config --get commit.template [4ms]
2024-07-14 17:59:27.453 [info] > git for-each-ref --format=%(refname)%00%(upstream:short)%00%(objectname)%00%(upstream:track)%00%(upstream:remotename)%00%(upstream:remoteref) refs/heads/master refs/remotes/master [2ms]
2024-07-14 17:59:27.464 [info] > git status -z -uall [7ms]
2024-07-14 17:59:27.473 [info] > git for-each-ref --format=%(refname)%00%(upstream:short)%00%(objectname)%00%(upstream:track)%00%(upstream:remotename)%00%(upstream:remoteref) refs/heads/master refs/remotes/master [2ms]
2024-07-14 17:59:27.480 [info] > git config --local branch.master.vscode-merge-base [1ms]
2024-07-14 17:59:27.488 [info] > git for-each-ref --format=%(refname)%00%(upstream:short)%00%(objectname)%00%(upstream:track)%00%(upstream:remotename)%00%(upstream:remoteref) refs/heads/origin/master refs/remotes/origin/master [2ms]
2024-07-14 18:00:15.112 [info] > git config --get commit.template [4ms]
2024-07-14 18:00:15.113 [info] > git for-each-ref --format=%(refname)%00%(upstream:short)%00%(objectname)%00%(upstream:track)%00%(upstream:remotename)%00%(upstream:remoteref) refs/heads/master refs/remotes/master [1ms]
2024-07-14 18:00:15.121 [info] > git status -z -uall [4ms]
2024-07-14 18:00:15.127 [info] > git for-each-ref --format=%(refname)%00%(upstream:short)%00%(objectname)%00%(upstream:track)%00%(upstream:remotename)%00%(upstream:remoteref) refs/heads/master refs/remotes/master [2ms]
2024-07-14 18:00:15.132 [info] > git config --local branch.master.vscode-merge-base [1ms]
2024-07-14 18:00:15.136 [info] > git for-each-ref --format=%(refname)%00%(upstream:short)%00%(objectname)%00%(upstream:track)%00%(upstream:remotename)%00%(upstream:remoteref) refs/heads/origin/master refs/remotes/origin/master [1ms]
2024-07-14 18:00:25.087 [info] > git config --get commit.template [16ms]
2024-07-14 18:00:25.091 [info] > git for-each-ref --format=%(refname)%00%(upstream:short)%00%(objectname)%00%(upstream:track)%00%(upstream:remotename)%00%(upstream:remoteref) refs/heads/master refs/remotes/master [5ms]
2024-07-14 18:00:25.124 [info] > git status -z -uall [18ms]
2024-07-14 18:00:25.148 [info] > git for-each-ref --format=%(refname)%00%(upstream:short)%00%(objectname)%00%(upstream:track)%00%(upstream:remotename)%00%(upstream:remoteref) refs/heads/master refs/remotes/master [8ms]
2024-07-14 18:00:25.156 [info] > git config --local branch.master.vscode-merge-base [1ms]
2024-07-14 18:00:25.163 [info] > git for-each-ref --format=%(refname)%00%(upstream:short)%00%(objectname)%00%(upstream:track)%00%(upstream:remotename)%00%(upstream:remoteref) refs/heads/origin/master refs/remotes/origin/master [1ms]
2024-07-14 18:00:48.273 [info] > git config --get commit.template [4ms]
2024-07-14 18:00:48.274 [info] > git for-each-ref --format=%(refname)%00%(upstream:short)%00%(objectname)%00%(upstream:track)%00%(upstream:remotename)%00%(upstream:remoteref) refs/heads/master refs/remotes/master [2ms]
2024-07-14 18:00:48.285 [info] > git status -z -uall [7ms]
2024-07-14 18:00:48.293 [info] > git for-each-ref --format=%(refname)%00%(upstream:short)%00%(objectname)%00%(upstream:track)%00%(upstream:remotename)%00%(upstream:remoteref) refs/heads/master refs/remotes/master [2ms]
2024-07-14 18:00:48.300 [info] > git config --local branch.master.vscode-merge-base [2ms]
2024-07-14 18:00:48.307 [info] > git for-each-ref --format=%(refname)%00%(upstream:short)%00%(objectname)%00%(upstream:track)%00%(upstream:remotename)%00%(upstream:remoteref) refs/heads/origin/master refs/remotes/origin/master [2ms]
2024-07-14 18:00:56.435 [info] > git config --get commit.template [4ms]
2024-07-14 18:00:56.436 [info] > git for-each-ref --format=%(refname)%00%(upstream:short)%00%(objectname)%00%(upstream:track)%00%(upstream:remotename)%00%(upstream:remoteref) refs/heads/master refs/remotes/master [1ms]
2024-07-14 18:00:56.446 [info] > git status -z -uall [5ms]
2024-07-14 18:00:56.452 [info] > git for-each-ref --format=%(refname)%00%(upstream:short)%00%(objectname)%00%(upstream:track)%00%(upstream:remotename)%00%(upstream:remoteref) refs/heads/master refs/remotes/master [2ms]
2024-07-14 18:00:56.457 [info] > git config --local branch.master.vscode-merge-base [2ms]
2024-07-14 18:00:56.461 [info] > git for-each-ref --format=%(refname)%00%(upstream:short)%00%(objectname)%00%(upstream:track)%00%(upstream:remotename)%00%(upstream:remoteref) refs/heads/origin/master refs/remotes/origin/master [1ms]
2024-07-14 18:01:15.121 [info] > git config --get commit.template [16ms]
2024-07-14 18:01:15.125 [info] > git for-each-ref --format=%(refname)%00%(upstream:short)%00%(objectname)%00%(upstream:track)%00%(upstream:remotename)%00%(upstream:remoteref) refs/heads/master refs/remotes/master [6ms]
2024-07-14 18:01:15.159 [info] > git status -z -uall [20ms]
2024-07-14 18:01:15.183 [info] > git for-each-ref --format=%(refname)%00%(upstream:short)%00%(objectname)%00%(upstream:track)%00%(upstream:remotename)%00%(upstream:remoteref) refs/heads/master refs/remotes/master [5ms]
2024-07-14 18:01:15.196 [info] > git config --local branch.master.vscode-merge-base [1ms]
2024-07-14 18:01:15.204 [info] > git for-each-ref --format=%(refname)%00%(upstream:short)%00%(objectname)%00%(upstream:track)%00%(upstream:remotename)%00%(upstream:remoteref) refs/heads/origin/master refs/remotes/origin/master [2ms]
2024-07-14 18:01:20.330 [info] > git show --textconv :Sheet09/exercise01/Composite.cpp [15ms]
2024-07-14 18:01:20.333 [info] > git ls-files --stage -- /home/navi/Uni/oop4sc/Sheet09/exercise01/Composite.cpp [5ms]
2024-07-14 18:01:20.349 [info] > git cat-file -s 4aa3c27da6ed66889ee5a78e96488b777b0382f0 [4ms]
2024-07-14 18:01:29.523 [info] > git show --textconv :Sheet09/exercise01/Composite.h [15ms]
2024-07-14 18:01:29.527 [info] > git ls-files --stage -- /home/navi/Uni/oop4sc/Sheet09/exercise01/Composite.h [5ms]
2024-07-14 18:01:29.543 [info] > git cat-file -s 233b3060973f064e8426bcdf82991e3e81195bf5 [5ms]
2024-07-14 18:02:15.699 [info] > git show --textconv :Sheet09/exercise01/Simpson.h [4ms]
2024-07-14 18:02:15.700 [info] > git ls-files --stage -- /home/navi/Uni/oop4sc/Sheet09/exercise01/Simpson.h [1ms]
2024-07-14 18:02:15.706 [info] > git cat-file -s c0463d384c2a46ac25111451ce70dc6d47899226 [2ms]
2024-07-14 18:02:19.702 [info] > git show --textconv :Sheet09/exercise01/Composite.h [28ms]
2024-07-14 18:02:19.702 [info] > git show --textconv :Sheet09/exercise01/Simpson.h [10ms]
2024-07-14 18:02:19.703 [info] > git ls-files --stage -- /home/navi/Uni/oop4sc/Sheet09/exercise01/Composite.h [20ms]
2024-07-14 18:02:19.716 [info] > git ls-files --stage -- /home/navi/Uni/oop4sc/Sheet09/exercise01/Simpson.h [15ms]
2024-07-14 18:02:19.723 [info] > git cat-file -s 233b3060973f064e8426bcdf82991e3e81195bf5 [11ms]
2024-07-14 18:02:19.724 [info] > git cat-file -s c0463d384c2a46ac25111451ce70dc6d47899226 [3ms]
2024-07-14 18:03:11.523 [info] > git config --get commit.template [3ms]
2024-07-14 18:03:11.523 [info] > git for-each-ref --format=%(refname)%00%(upstream:short)%00%(objectname)%00%(upstream:track)%00%(upstream:remotename)%00%(upstream:remoteref) refs/heads/master refs/remotes/master [1ms]
2024-07-14 18:03:11.531 [info] > git status -z -uall [4ms]
2024-07-14 18:03:11.537 [info] > git for-each-ref --format=%(refname)%00%(upstream:short)%00%(objectname)%00%(upstream:track)%00%(upstream:remotename)%00%(upstream:remoteref) refs/heads/master refs/remotes/master [2ms]
2024-07-14 18:03:11.541 [info] > git config --local branch.master.vscode-merge-base [1ms]
2024-07-14 18:03:11.546 [info] > git for-each-ref --format=%(refname)%00%(upstream:short)%00%(objectname)%00%(upstream:track)%00%(upstream:remotename)%00%(upstream:remoteref) refs/heads/origin/master refs/remotes/origin/master [1ms]
2024-07-14 18:03:41.543 [info] > git config --get commit.template [6ms]
2024-07-14 18:03:41.544 [info] > git for-each-ref --format=%(refname)%00%(upstream:short)%00%(objectname)%00%(upstream:track)%00%(upstream:remotename)%00%(upstream:remoteref) refs/heads/master refs/remotes/master [1ms]
2024-07-14 18:03:41.555 [info] > git status -z -uall [7ms]
2024-07-14 18:03:41.562 [info] > git for-each-ref --format=%(refname)%00%(upstream:short)%00%(objectname)%00%(upstream:track)%00%(upstream:remotename)%00%(upstream:remoteref) refs/heads/master refs/remotes/master [2ms]
2024-07-14 18:03:41.567 [info] > git config --local branch.master.vscode-merge-base [2ms]
2024-07-14 18:03:41.574 [info] > git for-each-ref --format=%(refname)%00%(upstream:short)%00%(objectname)%00%(upstream:track)%00%(upstream:remotename)%00%(upstream:remoteref) refs/heads/origin/master refs/remotes/origin/master [2ms]
