2024-07-21 20:23:41.527 [info] Extension host with pid 20728 started
2024-07-21 20:23:41.527 [info] Skipping acquiring lock for /home/navi/.config/Code/User/workspaceStorage/e97cc64f662211c7011ff35b9ae0cbd6.
2024-07-21 20:23:41.839 [info] ExtensionService#_doActivateExtension vscode.emmet, startup: false, activationEvent: 'onLanguage'
2024-07-21 20:23:41.971 [info] ExtensionService#_doActivateExtension vscode.git-base, startup: true, activationEvent: '*', root cause: vscode.git
2024-07-21 20:23:42.070 [info] ExtensionService#_doActivateExtension vscode.git, startup: true, activationEvent: '*'
2024-07-21 20:23:42.107 [info] ExtensionService#_doActivateExtension vscode.github, startup: true, activationEvent: '*'
2024-07-21 20:23:42.168 [info] Eager extensions activated
2024-07-21 20:23:42.222 [info] ExtensionService#_doActivateExtension vscode.debug-auto-launch, startup: false, activationEvent: 'onStartupFinished'
2024-07-21 20:23:42.226 [info] ExtensionService#_doActivateExtension vscode.merge-conflict, startup: false, activationEvent: 'onStartupFinished'
2024-07-21 20:23:42.416 [info] ExtensionService#_doActivateExtension vscode.github-authentication, startup: false, activationEvent: 'onAuthenticationRequest:github'
2024-07-21 20:23:44.621 [info] Extension host terminating: renderer closed the MessagePort
2024-07-21 20:23:44.639 [error] Canceled: Canceled
	at new I (/nix/store/p4miq91phxp1bjhhrmbrqn8l04v5dkxg-vscode-1.91.0/lib/vscode/resources/app/out/vs/workbench/api/node/extensionHostProcess.js:144:34990)
	at S.U (/nix/store/p4miq91phxp1bjhhrmbrqn8l04v5dkxg-vscode-1.91.0/lib/vscode/resources/app/out/vs/workbench/api/node/extensionHostProcess.js:151:6023)
	at z.<computed>.F.charCodeAt.T.CharCode.DollarSign.z.<computed> (/nix/store/p4miq91phxp1bjhhrmbrqn8l04v5dkxg-vscode-1.91.0/lib/vscode/resources/app/out/vs/workbench/api/node/extensionHostProcess.js:151:3107)
	at f.g (/nix/store/p4miq91phxp1bjhhrmbrqn8l04v5dkxg-vscode-1.91.0/lib/vscode/resources/app/out/vs/workbench/api/node/extensionHostProcess.js:154:203861)
	at f.executeCommand (/nix/store/p4miq91phxp1bjhhrmbrqn8l04v5dkxg-vscode-1.91.0/lib/vscode/resources/app/out/vs/workbench/api/node/extensionHostProcess.js:154:203299)
	at A.registerCommand.description (/nix/store/p4miq91phxp1bjhhrmbrqn8l04v5dkxg-vscode-1.91.0/lib/vscode/resources/app/out/vs/workbench/api/node/extensionHostProcess.js:154:202623)
	at f.h (/nix/store/p4miq91phxp1bjhhrmbrqn8l04v5dkxg-vscode-1.91.0/lib/vscode/resources/app/out/vs/workbench/api/node/extensionHostProcess.js:154:204400)
	at f.g (/nix/store/p4miq91phxp1bjhhrmbrqn8l04v5dkxg-vscode-1.91.0/lib/vscode/resources/app/out/vs/workbench/api/node/extensionHostProcess.js:154:203392)
	at f.executeCommand (/nix/store/p4miq91phxp1bjhhrmbrqn8l04v5dkxg-vscode-1.91.0/lib/vscode/resources/app/out/vs/workbench/api/node/extensionHostProcess.js:154:203299)
	at Object.executeCommand (/nix/store/p4miq91phxp1bjhhrmbrqn8l04v5dkxg-vscode-1.91.0/lib/vscode/resources/app/out/vs/workbench/api/node/extensionHostProcess.js:164:23051)
	at n.O [as value] (/nix/store/p4miq91phxp1bjhhrmbrqn8l04v5dkxg-vscode-1.91.0/lib/vscode/resources/app/extensions/git/dist/main.js:2:949375)
	at r.B (/nix/store/p4miq91phxp1bjhhrmbrqn8l04v5dkxg-vscode-1.91.0/lib/vscode/resources/app/out/vs/workbench/api/node/extensionHostProcess.js:83:737)
	at r.C (/nix/store/p4miq91phxp1bjhhrmbrqn8l04v5dkxg-vscode-1.91.0/lib/vscode/resources/app/out/vs/workbench/api/node/extensionHostProcess.js:83:807)
	at r.fire (/nix/store/p4miq91phxp1bjhhrmbrqn8l04v5dkxg-vscode-1.91.0/lib/vscode/resources/app/out/vs/workbench/api/node/extensionHostProcess.js:83:1023)
	at Object.p [as dispose] (/nix/store/p4miq91phxp1bjhhrmbrqn8l04v5dkxg-vscode-1.91.0/lib/vscode/resources/app/extensions/git/dist/main.js:2:968579)
	at /nix/store/p4miq91phxp1bjhhrmbrqn8l04v5dkxg-vscode-1.91.0/lib/vscode/resources/app/extensions/git/dist/main.js:2:974617
	at Array.forEach (<anonymous>)
	at f.dispose (/nix/store/p4miq91phxp1bjhhrmbrqn8l04v5dkxg-vscode-1.91.0/lib/vscode/resources/app/extensions/git/dist/main.js:2:974603)
	at c.<anonymous> (/nix/store/p4miq91phxp1bjhhrmbrqn8l04v5dkxg-vscode-1.91.0/lib/vscode/resources/app/out/vs/workbench/api/node/extensionHostProcess.js:152:4048)
	at c.dispose (/nix/store/p4miq91phxp1bjhhrmbrqn8l04v5dkxg-vscode-1.91.0/lib/vscode/resources/app/out/vs/workbench/api/node/extensionHostProcess.js:152:4145)
	at c.<anonymous> (/nix/store/p4miq91phxp1bjhhrmbrqn8l04v5dkxg-vscode-1.91.0/lib/vscode/resources/app/extensions/git/dist/main.js:2:951632)
	at c.dispose (/nix/store/p4miq91phxp1bjhhrmbrqn8l04v5dkxg-vscode-1.91.0/lib/vscode/resources/app/out/vs/workbench/api/node/extensionHostProcess.js:152:4145)
	at d (/nix/store/p4miq91phxp1bjhhrmbrqn8l04v5dkxg-vscode-1.91.0/lib/vscode/resources/app/out/vs/workbench/api/node/extensionHostProcess.js:30:744)
	at m.eb (/nix/store/p4miq91phxp1bjhhrmbrqn8l04v5dkxg-vscode-1.91.0/lib/vscode/resources/app/out/vs/workbench/api/node/extensionHostProcess.js:160:10039)
	at /nix/store/p4miq91phxp1bjhhrmbrqn8l04v5dkxg-vscode-1.91.0/lib/vscode/resources/app/out/vs/workbench/api/node/extensionHostProcess.js:160:7915
	at Array.map (<anonymous>)
	at m.$ (/nix/store/p4miq91phxp1bjhhrmbrqn8l04v5dkxg-vscode-1.91.0/lib/vscode/resources/app/out/vs/workbench/api/node/extensionHostProcess.js:160:7902)
	at m.terminate (/nix/store/p4miq91phxp1bjhhrmbrqn8l04v5dkxg-vscode-1.91.0/lib/vscode/resources/app/out/vs/workbench/api/node/extensionHostProcess.js:160:8175)
	at d.terminate (/nix/store/p4miq91phxp1bjhhrmbrqn8l04v5dkxg-vscode-1.91.0/lib/vscode/resources/app/out/vs/workbench/api/node/extensionHostProcess.js:164:1513)
	at i (/nix/store/p4miq91phxp1bjhhrmbrqn8l04v5dkxg-vscode-1.91.0/lib/vscode/resources/app/out/vs/workbench/api/node/extensionHostProcess.js:177:10617)
	at MessagePortMain.<anonymous> (/nix/store/p4miq91phxp1bjhhrmbrqn8l04v5dkxg-vscode-1.91.0/lib/vscode/resources/app/out/vs/workbench/api/node/extensionHostProcess.js:177:6809)
	at MessagePortMain.emit (node:events:514:28)
	at MessagePortMain._internalPort.emit (node:electron/js2c/utility_init:2:2285) setContext undefined
2024-07-21 20:23:44.639 [error] Canceled: Canceled
	at new I (/nix/store/p4miq91phxp1bjhhrmbrqn8l04v5dkxg-vscode-1.91.0/lib/vscode/resources/app/out/vs/workbench/api/node/extensionHostProcess.js:144:34990)
	at S.U (/nix/store/p4miq91phxp1bjhhrmbrqn8l04v5dkxg-vscode-1.91.0/lib/vscode/resources/app/out/vs/workbench/api/node/extensionHostProcess.js:151:6023)
	at z.<computed>.F.charCodeAt.T.CharCode.DollarSign.z.<computed> (/nix/store/p4miq91phxp1bjhhrmbrqn8l04v5dkxg-vscode-1.91.0/lib/vscode/resources/app/out/vs/workbench/api/node/extensionHostProcess.js:151:3107)
	at f.g (/nix/store/p4miq91phxp1bjhhrmbrqn8l04v5dkxg-vscode-1.91.0/lib/vscode/resources/app/out/vs/workbench/api/node/extensionHostProcess.js:154:203861)
	at f.executeCommand (/nix/store/p4miq91phxp1bjhhrmbrqn8l04v5dkxg-vscode-1.91.0/lib/vscode/resources/app/out/vs/workbench/api/node/extensionHostProcess.js:154:203299)
	at A.registerCommand.description (/nix/store/p4miq91phxp1bjhhrmbrqn8l04v5dkxg-vscode-1.91.0/lib/vscode/resources/app/out/vs/workbench/api/node/extensionHostProcess.js:154:202623)
	at f.h (/nix/store/p4miq91phxp1bjhhrmbrqn8l04v5dkxg-vscode-1.91.0/lib/vscode/resources/app/out/vs/workbench/api/node/extensionHostProcess.js:154:204400)
	at f.g (/nix/store/p4miq91phxp1bjhhrmbrqn8l04v5dkxg-vscode-1.91.0/lib/vscode/resources/app/out/vs/workbench/api/node/extensionHostProcess.js:154:203392)
	at f.executeCommand (/nix/store/p4miq91phxp1bjhhrmbrqn8l04v5dkxg-vscode-1.91.0/lib/vscode/resources/app/out/vs/workbench/api/node/extensionHostProcess.js:154:203299)
	at Object.executeCommand (/nix/store/p4miq91phxp1bjhhrmbrqn8l04v5dkxg-vscode-1.91.0/lib/vscode/resources/app/out/vs/workbench/api/node/extensionHostProcess.js:164:23051)
	at set hasGitHubRepositories (/nix/store/p4miq91phxp1bjhhrmbrqn8l04v5dkxg-vscode-1.91.0/lib/vscode/resources/app/extensions/github/dist/extension.js:2:322969)
	at /nix/store/p4miq91phxp1bjhhrmbrqn8l04v5dkxg-vscode-1.91.0/lib/vscode/resources/app/extensions/github/dist/extension.js:2:323928
	at n.value (/nix/store/p4miq91phxp1bjhhrmbrqn8l04v5dkxg-vscode-1.91.0/lib/vscode/resources/app/extensions/git/dist/main.js:2:1055117)
	at r.B (/nix/store/p4miq91phxp1bjhhrmbrqn8l04v5dkxg-vscode-1.91.0/lib/vscode/resources/app/out/vs/workbench/api/node/extensionHostProcess.js:83:737)
	at r.C (/nix/store/p4miq91phxp1bjhhrmbrqn8l04v5dkxg-vscode-1.91.0/lib/vscode/resources/app/out/vs/workbench/api/node/extensionHostProcess.js:83:807)
	at r.fire (/nix/store/p4miq91phxp1bjhhrmbrqn8l04v5dkxg-vscode-1.91.0/lib/vscode/resources/app/out/vs/workbench/api/node/extensionHostProcess.js:83:1023)
	at Object.p [as dispose] (/nix/store/p4miq91phxp1bjhhrmbrqn8l04v5dkxg-vscode-1.91.0/lib/vscode/resources/app/extensions/git/dist/main.js:2:968579)
	at /nix/store/p4miq91phxp1bjhhrmbrqn8l04v5dkxg-vscode-1.91.0/lib/vscode/resources/app/extensions/git/dist/main.js:2:974617
	at Array.forEach (<anonymous>)
	at f.dispose (/nix/store/p4miq91phxp1bjhhrmbrqn8l04v5dkxg-vscode-1.91.0/lib/vscode/resources/app/extensions/git/dist/main.js:2:974603)
	at c.<anonymous> (/nix/store/p4miq91phxp1bjhhrmbrqn8l04v5dkxg-vscode-1.91.0/lib/vscode/resources/app/out/vs/workbench/api/node/extensionHostProcess.js:152:4048)
	at c.dispose (/nix/store/p4miq91phxp1bjhhrmbrqn8l04v5dkxg-vscode-1.91.0/lib/vscode/resources/app/out/vs/workbench/api/node/extensionHostProcess.js:152:4145)
	at c.<anonymous> (/nix/store/p4miq91phxp1bjhhrmbrqn8l04v5dkxg-vscode-1.91.0/lib/vscode/resources/app/extensions/git/dist/main.js:2:951632)
	at c.dispose (/nix/store/p4miq91phxp1bjhhrmbrqn8l04v5dkxg-vscode-1.91.0/lib/vscode/resources/app/out/vs/workbench/api/node/extensionHostProcess.js:152:4145)
	at d (/nix/store/p4miq91phxp1bjhhrmbrqn8l04v5dkxg-vscode-1.91.0/lib/vscode/resources/app/out/vs/workbench/api/node/extensionHostProcess.js:30:744)
	at m.eb (/nix/store/p4miq91phxp1bjhhrmbrqn8l04v5dkxg-vscode-1.91.0/lib/vscode/resources/app/out/vs/workbench/api/node/extensionHostProcess.js:160:10039)
	at /nix/store/p4miq91phxp1bjhhrmbrqn8l04v5dkxg-vscode-1.91.0/lib/vscode/resources/app/out/vs/workbench/api/node/extensionHostProcess.js:160:7915
	at Array.map (<anonymous>)
	at m.$ (/nix/store/p4miq91phxp1bjhhrmbrqn8l04v5dkxg-vscode-1.91.0/lib/vscode/resources/app/out/vs/workbench/api/node/extensionHostProcess.js:160:7902)
	at m.terminate (/nix/store/p4miq91phxp1bjhhrmbrqn8l04v5dkxg-vscode-1.91.0/lib/vscode/resources/app/out/vs/workbench/api/node/extensionHostProcess.js:160:8175)
	at d.terminate (/nix/store/p4miq91phxp1bjhhrmbrqn8l04v5dkxg-vscode-1.91.0/lib/vscode/resources/app/out/vs/workbench/api/node/extensionHostProcess.js:164:1513)
	at i (/nix/store/p4miq91phxp1bjhhrmbrqn8l04v5dkxg-vscode-1.91.0/lib/vscode/resources/app/out/vs/workbench/api/node/extensionHostProcess.js:177:10617)
	at MessagePortMain.<anonymous> (/nix/store/p4miq91phxp1bjhhrmbrqn8l04v5dkxg-vscode-1.91.0/lib/vscode/resources/app/out/vs/workbench/api/node/extensionHostProcess.js:177:6809)
	at MessagePortMain.emit (node:events:514:28)
	at MessagePortMain._internalPort.emit (node:electron/js2c/utility_init:2:2285) setContext undefined
2024-07-21 20:23:44.640 [info] Extension host with pid 20728 exiting with code 0
