2024-07-15 23:52:58.546 [info] Log level: Info
2024-07-15 23:52:58.546 [info] Validating found git in: "git"
2024-07-15 23:52:58.546 [info] Using git "2.45.2" from "git"
2024-07-15 23:52:58.546 [info] > git rev-parse --show-toplevel [4ms]
2024-07-15 23:52:58.546 [info] > git rev-parse --git-dir --git-common-dir [3ms]
2024-07-15 23:52:58.546 [info] Open repository: /home/navi/Uni/oop4sc
2024-07-15 23:52:58.546 [info] > git rev-parse --show-toplevel [9ms]
2024-07-15 23:52:58.547 [info] > git config --get commit.template [14ms]
2024-07-15 23:52:58.553 [info] > git for-each-ref --format=%(refname)%00%(upstream:short)%00%(objectname)%00%(upstream:track)%00%(upstream:remotename)%00%(upstream:remoteref) refs/heads/master refs/remotes/master [1ms]
2024-07-15 23:52:58.560 [info] > git rev-parse --show-toplevel [4ms]
2024-07-15 23:52:58.565 [info] > git status -z -uall [6ms]
2024-07-15 23:52:58.579 [info] > git for-each-ref --format=%(refname)%00%(upstream:short)%00%(objectname)%00%(upstream:track)%00%(upstream:remotename)%00%(upstream:remoteref) refs/heads/master refs/remotes/master [9ms]
2024-07-15 23:52:58.582 [info] > git rev-parse --show-toplevel [18ms]
2024-07-15 23:52:58.604 [info] > git config --local branch.master.vscode-merge-base [22ms]
2024-07-15 23:52:58.607 [info] > git config --get commit.template [29ms]
2024-07-15 23:52:58.612 [info] > git for-each-ref --format=%(refname)%00%(upstream:short)%00%(objectname)%00%(upstream:track)%00%(upstream:remotename)%00%(upstream:remoteref) refs/heads/origin/master refs/remotes/origin/master [5ms]
2024-07-15 23:52:58.616 [info] > git rev-parse --show-toplevel [16ms]
2024-07-15 23:52:58.636 [info] > git rev-parse --show-toplevel [13ms]
2024-07-15 23:52:58.636 [info] > git for-each-ref --format=%(refname)%00%(upstream:short)%00%(objectname)%00%(upstream:track)%00%(upstream:remotename)%00%(upstream:remoteref) refs/heads/master refs/remotes/master [17ms]
2024-07-15 23:52:58.637 [info] > git merge-base refs/heads/master refs/remotes/origin/master [20ms]
2024-07-15 23:52:58.645 [info] > git rev-list --count --left-right refs/heads/master...refs/remotes/origin/master [5ms]
2024-07-15 23:52:58.649 [info] > git rev-parse --show-toplevel [5ms]
2024-07-15 23:52:58.656 [info] > git diff --name-status -z --diff-filter=ADMR 9215e277033fa679a582f247c84e9042978b39f7...refs/remotes/origin/master [8ms]
2024-07-15 23:52:58.657 [info] > git rev-parse --show-toplevel [1ms]
2024-07-15 23:52:58.662 [info] > git status -z -uall [10ms]
2024-07-15 23:52:58.668 [info] > git for-each-ref --format=%(refname)%00%(upstream:short)%00%(objectname)%00%(upstream:track)%00%(upstream:remotename)%00%(upstream:remoteref) refs/heads/master refs/remotes/master [2ms]
2024-07-15 23:52:58.672 [info] > git rev-parse --show-toplevel [10ms]
2024-07-15 23:52:58.682 [info] > git config --local branch.master.vscode-merge-base [10ms]
2024-07-15 23:52:58.689 [info] > git for-each-ref --format=%(refname)%00%(upstream:short)%00%(objectname)%00%(upstream:track)%00%(upstream:remotename)%00%(upstream:remoteref) refs/heads/origin/master refs/remotes/origin/master [2ms]
2024-07-15 23:52:58.689 [info] > git rev-parse --show-toplevel [7ms]
2024-07-15 23:52:58.695 [info] > git rev-parse --show-toplevel [1ms]
2024-07-15 23:52:58.702 [info] > git rev-parse --show-toplevel [2ms]
2024-07-15 23:52:58.707 [info] > git rev-parse --show-toplevel [1ms]
2024-07-15 23:52:58.711 [info] > git rev-parse --git-dir --git-common-dir [1ms]
2024-07-15 23:52:58.715 [info] Open repository: /home/navi/Uni/oop4sc/googletest
2024-07-15 23:52:58.725 [info] > git config --get commit.template [4ms]
2024-07-15 23:52:58.725 [info] > git for-each-ref --format=%(refname)%00%(upstream:short)%00%(objectname)%00%(upstream:track)%00%(upstream:remotename)%00%(upstream:remoteref) refs/heads/main refs/remotes/main [1ms]
2024-07-15 23:52:58.729 [warning] ENOENT: no such file or directory, open '/home/navi/Uni/oop4sc/.git/modules/googletest/refs/remotes/origin/main'
2024-07-15 23:52:58.730 [info] > git rev-parse refs/remotes/origin/main [1ms]
2024-07-15 23:52:58.736 [info] > git status -z -uall [2ms]
2024-07-15 23:52:58.746 [info] > git for-each-ref --format=%(refname)%00%(upstream:short)%00%(objectname)%00%(upstream:track)%00%(upstream:remotename)%00%(upstream:remoteref) refs/heads/main refs/remotes/main [6ms]
2024-07-15 23:52:58.752 [info] > git config --get commit.template [6ms]
2024-07-15 23:52:58.753 [info] > git config --local branch.main.vscode-merge-base [2ms]
2024-07-15 23:52:58.764 [info] > git for-each-ref --format=%(refname)%00%(upstream:short)%00%(objectname)%00%(upstream:track)%00%(upstream:remotename)%00%(upstream:remoteref) refs/heads/origin/main refs/remotes/origin/main [7ms]
2024-07-15 23:52:58.770 [info] > git for-each-ref --format=%(refname)%00%(upstream:short)%00%(objectname)%00%(upstream:track)%00%(upstream:remotename)%00%(upstream:remoteref) refs/heads/main refs/remotes/main [8ms]
2024-07-15 23:52:58.775 [warning] ENOENT: no such file or directory, open '/home/navi/Uni/oop4sc/.git/modules/googletest/refs/remotes/origin/main'
2024-07-15 23:52:58.775 [info] > git merge-base refs/heads/main refs/remotes/origin/main [7ms]
2024-07-15 23:52:58.780 [info] > git rev-parse refs/remotes/origin/main [5ms]
2024-07-15 23:52:58.798 [info] > git status -z -uall [15ms]
2024-07-15 23:52:58.805 [info] > git rev-list --count --left-right refs/heads/main...refs/remotes/origin/main [26ms]
2024-07-15 23:52:58.814 [info] > git diff --name-status -z --diff-filter=ADMR 1d17ea141d2c11b8917d2c7d029f1c4e2b9769b2...refs/remotes/origin/main [5ms]
2024-07-15 23:52:58.814 [info] > git for-each-ref --format=%(refname)%00%(upstream:short)%00%(objectname)%00%(upstream:track)%00%(upstream:remotename)%00%(upstream:remoteref) refs/heads/main refs/remotes/main [11ms]
2024-07-15 23:52:58.818 [info] > git config --local branch.main.vscode-merge-base [1ms]
2024-07-15 23:52:58.824 [info] > git for-each-ref --format=%(refname)%00%(upstream:short)%00%(objectname)%00%(upstream:track)%00%(upstream:remotename)%00%(upstream:remoteref) refs/heads/origin/main refs/remotes/origin/main [2ms]
